Residue conformations -------------------------------------------
A1 : C C3p_endo anti
A2 : A C3p_endo anti
A3 : G C3p_endo anti
A4 : G C3p_endo anti
A5 : G C3p_endo anti
A6 : G C3p_endo anti
A7 : G C3p_endo anti
A8 : U C3p_endo anti
A9 : G C3p_endo anti
A10 : A C3p_endo anti
A11 : U C3p_endo anti
A12 : G C3p_endo anti
A13 : U C3p_endo anti
A14 : G C3p_endo anti
A15 : G C3p_endo anti
A16 : C O4p_endo anti
A17 : A C2p_exo anti
A18 : G C3p_endo anti
A19 : C C3p_endo anti
A20 : G C3p_endo anti
A21 : C C3p_endo anti
A22 : A C4p_exo anti
A23 : C C1p_endo anti
A24 : C C3p_endo anti
A25 : A C3p_endo anti
A26 : C C3p_endo anti
A27 : G C2p_exo anti
A28 : A C3p_exo anti
A29 : C C3p_endo anti
A30 : A C4p_endo anti
A31 : U C3p_endo anti
A32 : C C3p_endo anti
A33 : G C3p_endo anti
A34 : U C3p_endo anti
A35 : G C3p_endo anti
A36 : A C1p_endo anti
A37 : C C3p_endo anti
A38 : G C1p_endo anti
A39 : G C3p_endo anti
A40 : G C3p_endo anti
A41 : A C3p_exo anti
A42 : A C1p_exo anti
A43 : G C3p_endo anti
A44 : A C3p_endo anti
A45 : G C3p_endo anti
A46 : G C3p_endo anti
A47 : U C3p_endo anti
A48 : C C3p_endo anti
A49 : G C3p_endo anti
A50 : U C3p_endo anti
A51 : C C3p_endo anti
A52 : C C3p_endo anti
A53 : C C4p_exo anti
A54 : C C1p_endo anti
A55 : G C3p_endo anti
A56 : A C3p_endo anti
A57 : C C3p_endo anti
A58 : G C3p_endo anti
A59 : C C3p_endo anti
A60 : A C3p_endo anti
A61 : U C3p_endo anti
A62 : C C3p_endo anti
A63 : A C3p_endo anti
A64 : U C3p_endo anti
A65 : C C3p_endo anti
A66 : U C3p_endo anti
A67 : C C3p_endo anti
A68 : U C3p_endo anti
A69 : C C3p_endo anti
A70 : U C3p_endo anti
A71 : A O4p_exo anti
A72 : G C3p_endo anti
A73 : G C3p_endo anti
A74 : G C2p_exo anti
A75 : C O4p_endo anti
A76 : A C3p_endo anti
A77 : U C3p_endo anti
A78 : U C2p_exo anti
A79 : U O4p_endo anti
A80 : U C3p_endo anti
A81 : C C3p_endo anti
A82 : G C3p_endo anti
A83 : U C3p_endo anti
A84 : G C4p_exo anti
A85 : A C3p_endo anti
A86 : G C3p_endo anti
A87 : A C3p_endo anti
A88 : C C3p_endo anti
A89 : C C3p_endo anti
A90 : C C3p_endo anti
A91 : U C3p_endo anti
A92 : C C3p_endo anti
A93 : A C3p_endo anti
A94 : RU3
Adjacent stackings ----------------------------------------------
A2-A3 : adjacent_5p upward 
A3-A4 : adjacent_5p upward 
A4-A5 : adjacent_5p upward 
A5-A6 : adjacent_5p upward 
A6-A7 : adjacent_5p upward 
A7-A8 : adjacent_5p upward 
A8-A9 : adjacent_5p upward 
A9-A10 : adjacent_5p upward 
A10-A11 : adjacent_5p upward 
A11-A12 : adjacent_5p upward 
A12-A13 : adjacent_5p upward 
A15-A16 : adjacent_5p upward 
A17-A18 : adjacent_5p upward 
A18-A19 : adjacent_5p upward 
A19-A20 : adjacent_5p upward 
A21-A22 : adjacent_5p upward 
A22-A23 : adjacent_5p upward 
A23-A24 : adjacent_5p upward 
A24-A25 : adjacent_5p upward 
A25-A26 : adjacent_5p upward 
A26-A27 : adjacent_5p upward 
A28-A29 : adjacent_5p upward 
A32-A33 : adjacent_5p upward 
A33-A34 : adjacent_5p upward 
A34-A35 : adjacent_5p upward 
A35-A36 : adjacent_5p upward 
A36-A37 : adjacent_5p upward 
A38-A39 : adjacent_5p upward 
A39-A40 : adjacent_5p upward 
A41-A42 : adjacent_5p upward 
A43-A44 : adjacent_5p upward 
A44-A45 : adjacent_5p upward 
A45-A46 : adjacent_5p upward 
A46-A47 : adjacent_5p upward 
A47-A48 : adjacent_5p upward 
A48-A49 : adjacent_5p upward 
A49-A50 : adjacent_5p upward 
A50-A51 : adjacent_5p upward 
A51-A52 : adjacent_5p upward 
A52-A53 : adjacent_5p upward 
A56-A57 : adjacent_5p upward 
A58-A59 : adjacent_5p upward 
A59-A60 : adjacent_5p upward 
A60-A61 : adjacent_5p upward 
A61-A62 : adjacent_5p upward 
A62-A63 : adjacent_5p upward 
A63-A64 : adjacent_5p upward 
A65-A66 : adjacent_5p upward 
A67-A68 : adjacent_5p upward 
A69-A70 : adjacent_5p upward 
A71-A72 : adjacent_5p upward 
A72-A73 : adjacent_5p upward 
A73-A74 : adjacent_5p upward 
A76-A77 : adjacent_5p upward 
A78-A79 : adjacent_5p upward 
A79-A80 : adjacent_5p upward 
A80-A81 : adjacent_5p upward 
A82-A83 : adjacent_5p upward 
A84-A85 : adjacent_5p upward 
A85-A86 : adjacent_5p upward 
A86-A87 : adjacent_5p upward 
A87-A88 : adjacent_5p upward 
A88-A89 : adjacent_5p upward 
A89-A90 : adjacent_5p upward 
A90-A91 : adjacent_5p upward 
A91-A92 : adjacent_5p upward 
A92-A93 : adjacent_5p upward 
Non-Adjacent stackings ------------------------------------------
A9-A63 : outward 
A12-A60 : outward 
A14-A58 : outward 
A14-A78 : upward 
A20-A30 : inward 
A20-A82 : outward 
A22-A35 : outward 
A30-A56 : outward 
A38-A55 : outward 
A40-A84 : upward 
A43-A93 : outward 
A49-A86 : outward 
Number of stackings = 79
Number of adjacent stackings = 67
Number of non adjacent stackings = 12
Base-pairs ------------------------------------------------------
A1-A73 : C-G Ww/Ww pairing antiparallel cis XIX 
A2-A70 : A-U Ww/Ww pairing antiparallel cis XX 
A3-A69 : G-C Ww/Ww pairing antiparallel cis XIX 
A4-A67 : G-C Ww/Ww pairing antiparallel cis XIX 
A5-A66 : G-U Ww/Ws pairing antiparallel cis XXVIII 
A6-A65 : G-C Ww/Ww pairing antiparallel cis XIX 
A7-A64 : G-U Ww/Ws pairing antiparallel cis XXVIII 
A8-A63 : U-A Ww/Ww pairing antiparallel cis XX 
A9-A62 : G-C Ww/Ww pairing antiparallel cis XIX 
A10-A61 : A-U Ww/Ww pairing antiparallel cis XX 
A11-A60 : U-A Ww/Ww pairing antiparallel cis XX 
A12-A59 : G-C Ww/Ww pairing antiparallel cis XIX 
A12-A76 : G-A Sw/Ww pairing parallel trans one_hbond 
A13-A58 : U-G Ws/Ww pairing antiparallel cis XXVIII 
A13-A77 : U-U O2'/Ww pairing 
A14-A57 : G-C Ww/Ww pairing antiparallel cis XIX 
A16-A17 : C-A O2'/Hh adjacent_5p pairing 
A16-A20 : C-G Wh/Hh pairing antiparallel trans one_hbond 122 
A18-A83 : G-U Ww/Ws pairing antiparallel cis XXVIII 
A19-A82 : C-G Ww/Ww pairing antiparallel cis XIX 
A20-A54 : G-C Bs/O2' pairing 
A20-A81 : G-C Ww/Ww pairing antiparallel cis XIX 
A21-A35 : C-G Ww/Ww pairing antiparallel cis XIX 
A22-A34 : A-U Ww/Ww pairing antiparallel cis XX 
A23-A33 : C-G Ww/Ww pairing antiparallel cis XIX 
A25-A31 : A-U Ww/Ww pairing antiparallel cis XX 
A25-A57 : A-C Bh/O2P pairing 
A28-A78 : A-U Bh/O2' pairing 
A29-A79 : C-U Ww/O2' Bh/O2' pairing 
A37-A55 : C-G Ww/Ww pairing antiparallel cis XIX 
A38-A54 : G-C Ww/Ww pairing antiparallel cis XIX 
A39-A53 : G-C Ww/Ww pairing antiparallel cis XIX 
A40-A52 : G-C Ww/Ww pairing antiparallel cis XIX 
A43-A92 : G-C Ww/Ww pairing antiparallel cis XIX 
A44-A91 : A-U Ww/Ww pairing antiparallel cis XX 
A45-A89 : G-C Ww/Ww pairing antiparallel cis one_hbond 
A46-A88 : G-C Ww/Ww pairing antiparallel cis XIX 
A47-A87 : U-A Ww/Ww pairing antiparallel cis XX 
A48-A86 : C-G Ww/Ww pairing antiparallel cis XIX 
A50-A85 : U-A Ww/Ww pairing antiparallel cis XX 
A51-A84 : C-G Ww/Ww pairing antiparallel cis XIX 
A56-A78 : A-U Ww/Ww pairing antiparallel cis XX 
A58-A77 : G-U Ws/Ss pairing antiparallel cis one_hbond 84 
