# STOCKHOLM 1.0
#=GF ID alignment
#=GF DE Synthetic sequence alignment generated by cmemit
#=GF AU Infernal 1.1.5

alignment-sample1   AGUC.AGGCCG....AAGUA..gU..AUCG.CCACGAG..AAGUG.G.-..AUUGAUCGUGCUGCCUGC.GU..............C.uUCAGG.G..
alignment-sample2   AGUC.AGGCCA....CCUA-...C..AGUG.CCACGGG..AAGCU.G.G..GCAAGCCGUGCUGCCUGG.GA..............C..UUUCU.U..
alignment-sample3   AGUC.AGGCCA....UC---...-..UAUG.CCAUGGG..AACCU.G.A..AGAAGCUGUGCUGCCUGU.GA..............C..CCA--.-..
alignment-sample4   AGUC.AGGCCA....CCAAA..gC..UAUG.ACACCGU..AAAUU.G.A..UUAGAUGGUGCUGCCUGU.UA..............C..ACCUC.G..
alignment-sample5   AGUC.AGGCCC....AU---...-..AUGG.CCAUAGA..AAACC.G.G..UAAUACUAUGCUGCCUGC.UA.............cAcaGCGAC.G..
alignment-sample6   AGUC.AGGUCU....GG-A-...G..UCAG.CCACGGG..AAGAA.G.G..GCAAACCGUGCUACCUGC.GA..............C.cUCUAA.C..
alignment-sample7   AGCC.AGGCCG....UAUAA...U..CGCG.AAAGCGC..A--AU.G.G..AUAUACGCUGCAGCCUGC.GA..............C..CCUCA.C..
alignment-sample8   GGUC.AGGCCC....CUAAGc.c-..AGGG.CUACGGU..-UCCC.G.G..AGAUCCCGUACUGCCUGC.GA..............C.cCCUUA.G..
alignment-sample9   AGUC.AGCCCG....GUGUG...-..UGCG.CUACCGC..A--UC.G.-..AUAAACGGUACGGGCUGG.UA..............C..UCAAA.G..
alignment-sample10  AGUC.AGGUCC....CUAUG...U..GGGG.CCAUCCU..UUAUG.-.-..-----GGAUGCUACCUGU.GA..............U..UCAAA.G..
alignment-sample11  AGGC.AGGGCG....AUAU-...U..AGCG.CCACUGG..CCAAU.G.U..GACGACAGUGCACCUUGU.GG..............C..UCUCA.U..
alignment-sample12  GGUC.AGGCCG....ACGAG..uU.g-GAG.CCACAGG..AUAAU.C.A..UUAAACUGUGCUGCCUGU.-C..............C..UCCCA.U..
alignment-sample13  GGUC.AAGCCU....GGUUG...A..CUCG.CCACGGU..A--UA.G.U..G--GACCGUGCUGCUUGU.GAg............gC..UCAAC.G..
alignment-sample14  GGAC.AGGCCU....GUAUUu.cU..ACAG.CCACGAU..CAAGU.C.-..GGCCGUCGUGCCGCCUGU.AAag..........gaC.gUCUAA.G..
alignment-sample15  UGUC.AAGCCG....UGUAG...-..UACG.CCACGGG..CUGUG.G.C..AGUAACCGUGCUGCUUGC.GU..............C..UCAAC.U..
alignment-sample16  UGUC.AGGUCG....G----...U..CCUG.CCACGGU..AAGAC.G.C..GCAGACCGUGCCAUCUGC.GG..............C..GCGGC.A..
alignment-sample17  AGUC.AGGCCG....GGAGC...U..UGUG.CCACGGG..UUAGC.G.A..AUGUACCGUGCUGCCUGC.AA..............C..GCGAG.C..
alignment-sample18  CGUC.AGGCCG....UGAUUc.cA..CGCG.CCACCGC..UAUGU.G.-..AAAGACGGUGCUGCCUGU.GU..............C.uGCCGC.C..
alignment-sample19  AGUC.AGGCCA....AGAAA..gC..CUUG.CCACAGC..A--GA.G.A..AUAAACUGUGCAGCCUGA.GA..............U..CCAGU.C..
alignment-sample20  UGUC.AGGCCA....-----...-..CGUG.CUACCGG..AAGUG.G.A..AAAAGCGGUACAGCCUGG.UA..............C..UUUAC.G..
alignment-sample21  AGUC.AGGCCG....GCACU..uU..GCCG.CCACGGU..AUGCA.A.A..GUAAACGGUGCUGCCUGC.GG..............C..UCAGC.U..
alignment-sample22  AGUC.AGGCCU....GAAAG...-..UACG.GCAGCGG..CUGGG.G.G..GAAAUCGUUGCGGCCUG-.-A..............C..UCUAC.A..
alignment-sample23  UGUC.AGGC--....-----...U..----.CCAC---..-AAGG.A.G..UUUAG--GUGCUGCCUGU.GG..............C..UCC--.-..
alignment-sample24  UGUC.AGGCCC....UAAGC...U..UACG.CCACGGC..A--UU.G.G..GUAGACCGUGCUGCCUGC.GA..............A.gCCAAA.G..
alignment-sample25  AGUC.AGGCCA....GUUGA...-..ACUG.CCACCGA..A--CC.G.A..GUGGACGGUGCUGCCUGU.GAgg..........ccC..UC---.-..
alignment-sample26  AGUC.AGGCCC....AG---...-..UUGG.CCACUGC..AUGGA.G.U..GCUAUCAGUGCUGCCUGC.AAggug.....gggauU..UUCAC.C..
alignment-sample27  CGUC.AGGCCG....CAUAG..uU..UACG.CCACUAC..ACCAA.G.C..AGAAUUGGUGCGGCCUGC.GG..............-..-CCCU.C..
alignment-sample28  UGUC.AGGCCU....AGUAA..cU..UUAG.CCACCGC..AUGGC.A.G..GGAAACGGUGCUGCCUGU.AA..............C..CCCAA.C..
alignment-sample29  AGUC.AGCCCG....GA---...U..UCCG.CCAUAGG..GAGUU.G.A..GUAAACUGUGCUGGCUGG.CA..............C..UCAGU.C..
alignment-sample30  AGUC.AGAUCU....CUAAG..aA..AGAG.CCACGUG..U--GC.G.A..CUAGACCGUGCUAUCUGG.CA..............C..GCGAC.C..
alignment-sample31  UGUC.AGGCCU....CUAUG..c-..GGAG.CCACCGA..A--UG.A.G..AUAAGCGGUGUUGCCUGU.GA..............C.aUACAC.C..
alignment-sample32  AGUC.GGGCCC....CG---...G..UAGG.CCACUGU..AUGUA.G.A..UAAAGCAGUGCUGCCUGU.GA..............C..CCCAC.G..
alignment-sample33  AGUC.AGGCCC....AAU--...C..GUGG.CCACAGG..AAGUC.G.A..AUAAACUGUGCUGCCUGA.-G..............C.aUCAA-.-..
alignment-sample34  UGUC.AGGCCG....AAUCA..cC..UUCG.CCACUGG..UAGAU.G.A..GCAAGCAGUG--GUCUGC.AU..............C..UAAAU.A..
alignment-sample35  AGUC.AGGCCC....UC-U-...-..GAGG.CCACUGU..AGGUG.G.A..AAAGGCAGUGCUGCCUGU.CG.............gC.gUUACA.C..
alignment-sample36  UGUC.AGGCCA....A----...U..UUUG.CCACGGC..A--CC.G.G..ACAAAUUGUGCUGCGUGA.GAga..........gcC.cUCAUA.C..
alignment-sample37  AGUC.AGGCCG....GG---...-..ACCG.CCACCGC..AAGCC.G.A..GAAGACGGUGCUGCCUGU.GC..............C..UCGGC.C..
alignment-sample38  AGUC.AGGCCA....GUGAG...-..GCUG.CCACCGG..CACCG.G.-..GUAGUCGGUGCUGUCUGG.GC..............C..CUACA.G..
alignment-sample39  AGUC.AGGCCA....UCU--...-..GAUG.CCACAGU..ACCCU.G.A..UAAGACUGUGCUGUCUGG.GA..............C..CCCAC.A..
alignment-sample40  AGUC.AGGCCG....GA---...U..UCCG.CCACCGA..G--UG.U.G..GCAAAUGGUGUUGCCUGC.GU..............C..CUUCU.U..
alignment-sample41  AGGC.AUGCCU....CCAAGg.a-..GGAG.GCAUAGA..AGGUA.U.U..GCAGCCUA-GCUGCAUGU.GA..............CggGUAGU.U..
alignment-sample42  AGUC.AGGCCC....AGACA...-..GUGG.CCACCGG..AUGUG.G.G..ACAAGCGGUGCUGCCUGU.GU..............C..UCCCA.U..
alignment-sample43  UGUC.AGGCCA....CU---...-..AGAG.CCACCGU..A---U.G.G..GUAAGCGGUGCUGCCUGU.GA..............C.uCCAGA.C..
alignment-sample44  GGUC.---CCU....ACCAA..uG..-CGG.CCACAGU..GAAAC.G.A..AGGAUCUGUGCUGUCGGU.GC..............C..UCCAC.G..
alignment-sample45  AGUC.AGGCCU....CCAUA..aA..GAAG.CCAUACG..GAGUU.G.G..GCAAGAUAUGCUGCCUGU.GAu............gC..UCCGC.C..
alignment-sample46  UGUC.AGGCCG....UGUCA...U..CAAG.CCACUGU..A-AUA.G.-..GGAAACAGUGCUGCCUGA.GU.............cC..UCUACaC..
alignment-sample47  AGGC.AGGCCG....AACGA...G..UUCG.CCACCGG..ACAGC.G.G..GAAAAUGGUGCUGCCUGC.GC..............U..GCAAC.U..
alignment-sample48  AGUC.AGUCCU....ACAAC...G..GGAG.CCAUCUG..CGACU.G.A..GAAGGGGGUGCUGUCUGU.GA..............C..UGAAC.G..
alignment-sample49  GGUC.AGGCCA....UCAA-...U..GCUG.CCAUCGG..A--AU.A.A..CUAAACGAUGCUGCCUGC.GC..............C..UCUAA.U..
alignment-sample50  AGUC.AGGCCC....CA---...U..AGAG.CCAC---..---CU.G.A..AUAGGAGGUGC-GCCUG-.-A..............C..UUUUU.U..
alignment-sample51  UGUC.AGACCU....GUUCG..gU..GCGG.CCAUUGC..A--GUaG.G..UCACACAUUGCUGUCUGA.GG..............C..UCGCG.A..
alignment-sample52  AGUC.AGGCAA....GA---...C..UGUA.CCAUCGA..AUGAG.G.U..GAAAACGAUGCAGCCUGC.GU..............C..UCAAC.Cgc
alignment-sample53  AGUC.AGGCCG....G----...U..UCCG.CCAUAGG..AACUC.U.A..AUAAACUAUGCUGCCUGU.--..............C..UCCAC.A..
alignment-sample54  AGUC.AGGCCC....UAACCc.uU..AAGG.CCACUGG..AUUCU.G.-..UUAAACAGUGCAGCCUGC.-Gg............cC..CUGUC.G..
alignment-sample55  AGUC.AGGCCA....UCGAG..a-..GAUG.CCUCGGG..A--UG.U.A..GUAGACCGUGCUGCCUGC.GA..............C.cCCAAC.G..
alignment-sample56  UGUU.AGGCCA....GUAA-...U..ACUG.CCACCGG..AGGGA.G.U..UAAAACGGUGCUGUCUGC.GAugu.......aggaC..UCCAA.G..
alignment-sample57  UGUCgAGGCCU....AAAUGuagAauUAAG.CUACCGG..A--CC.G.G..UUAAACGGUACUGCCUGU.GAgg..........cgC.uUCCUU.C..
alignment-sample58  UGUC.AGGCCC....GG---...G..CCUG.CCACCGU..A--AG.G.A..GCAAACGGUGCAGCCUGG.GAg............cC.gCCACC.C..
alignment-sample59  AGUC.AGGGCU....CGA--...U..CGAG.CCACCGU..A--AU.G.A..UGAGACGGUGCACCCUGU.AAuuccccuguguuuaC..UCCUC.C..
alignment-sample60  UGUC.AGGCCG....U----...U..UACG.CCACUGC..AUGUG.G.G..GCAGACCGUGCAGCCUGU.GA..............C.cUCAGU.A..
alignment-sample61  AGUC.AGGCCA....AUAGA..aU..AGUG.CCAUCGU..A--UA.G.A..GAAAUCGAUGCUGUCUGC.GG..............C..ACACU.G..
alignment-sample62  AGUC.AGUCCU....GU---...-..CUAG.CCACUGG..A----.G.G..GCAACCAGUGCUGCCUGG.GU..............C..UAAUA.G..
alignment-sample63  AGUC.AGGCCA....AUUAA...U..GUUG.CCACGGAgaAUGUG.G.A..GGAAGCCGUGCUGCCUGC.AA..............CguUCAAG.U..
alignment-sample64  UGCC.AGUCCU....GUGUA..gU..ACGG.CCACAGG..AAAAU.G.A..AUCAACUAUGCUGACUGU.GC..............C.aUCAGA.U..
alignment-sample65  UGUC.AGGUCG....GUAUG...U..AUCG.CCACCGA..A--UU.GuA..UUACACGGUGCUACCUGU.AA..............-.cCCUAG.G..
alignment-sample66  AGUC.AGGCCG....UUAAG...-..AACG.CCACGGC..AUACC.G.G..GAAAACUGUGCUGCCUGC.AAagcgc...auugauC..UCCUU.C..
alignment-sample67  AGUC.AUACCG....GAAAU..g-..UCAG.CCACCCU..UUCGU.U.A..GAAGGGGGUGCUGUGUGC.GC..............A.aUUCUU.C..
alignment-sample68  AGUC.AGCCCA....AAA--...U..GUUG.CCAUGGG..A--CG.G.A..ACAA-CCAUGCUGGCUGU.GAca.........cgaC.gUCCCC.U..
alignment-sample69  AGUC.AGGCCA....AUCCG..cU..AUUG.ACAAAGC..AUACU.G.A..UCAAACUUUGCUGCCUGU.GA..............C..UCAAU.C..
alignment-sample70  UGUC.AGGCCU....CUACU..gU..CGUG.CCACUGA..CAAUG.G.G..GAAGUCUGUGCUGCCUGC.GA..............C..UUCAC.U..
alignment-sample71  AGUC.AGGCCC....CG---...U..CGGG.CCACGUG..A----.C.A..GUAAGACGUGCAGCCUGU.CG..............C..UCUAA.U..
alignment-sample72  AGUC.AGGCCA....AAGAU...C..-UUG.CCACGGU..AAUGU.A.AucGAAUGCCGUGCUGCCUGA.-A..............C.cGCCCU.C..
alignment-sample73  UGUC.AAGUCA....UCUA-...U..GAUG.CUACCGA..ACGCU.G.A..GAAAUCGGUACCACUUGU.GGucg.......ggauC..ACCGU.A..
alignment-sample74  UGGU.AGGUCU....AC---...C..GUGG.CC---GG..AAUUU.A.A..AUAGACC--GCUACCUCC.AA..............C.uACAAC.A..
alignment-sample75  AGUC.AGGCCC....GUGAA..aU..AUGG.CCAUGG-..-AUAC.G.-..UGAUGCUAUGUUGCCUGCc-G..............C..CUAUG.U..
alignment-sample76  AGUC.AGACCA....CAAA-...U..UGUG.CCAUGGA..UCAUU.U.A..AUAAACCAUGCUGUCUGG.GG..............C.cUUAGA.C..
alignment-sample77  UAUC.AGGCCA....GGUUC...C..UCUG.CGACCGA..AAUUU.G.G..GUUAGCGGUCCUGCCUAU.GAa............gC..UCUAA.U..
alignment-sample78  AGUC.AGGCCG....UCGAGg.a-..GGGG.CCACCAG..A--UG.G.G..GAAAAUAGUGCUGCCUGC.GUuc..........ucC.uUCAUC.C..
alignment-sample79  AGUC.AGGCCC....GU---...U..AAGG.CCACCCG..-UCAU.G.A..CGAAGGGGUGCUGCCUGC.GA..............C.uUCCCU.G..
alignment-sample80  AGUC.AGGCCU....GACA-...U..UCCG.CCACAGG..AAACU.-.U..AAAAACUGUGCUGCCUGC.UCcugcg...ugggucC..CCGUU.A..
alignment-sample81  AGUC.AGGCCC....ACAAG..cU..GUGG.CCACUGC..AGGAG.G.G..AGCGACGGUGCUGCCUGC.GA..............C..UUUAC.C..
alignment-sample82  CGUC.AGGCCG....AUAUA..uU..ACUG.CCAUAGG..ACGUU.A.G..GCAGACUAUGCUGCCUGC.-A..............C..UCGGA.G..
alignment-sample83  AGUC.AGGCCU....GC--U..uU..UCAG.CCAUAGC..A---U.G.A..AAAAACUAUGCCGCCUGC.GA..............C..UAAGA.C..
alignment-sample84  AGUC.AGGCCG....GA---...A..UCCG.CGAGGGU..AAAUG.G.-..GGAGUCCCUCCUGCCUGU.GC.............cC..UCGUC.G..
alignment-sample85  AGUC.AGGCCU....AAA--...C..UUUG.CCGCUCA..AUGAC.G.A..GGAACGAGCGCAGCCUGU.AU.............gC.cUCUAC.U..
alignment-sample86  AGUC.AGGUCA....GCAAG..a-..UAUGuCCACUGG..G--UU.U.G..UGGAACAGUGCAAUCUGU.AG.............uC..UCCCC.C..
alignment-sample87  AGUC.AGUCCA....CC---...U..GAUG.CCAUUGG..AUGUU.U.G..UUAGACAAUGCUGAAUGU.GAc............cC..GUGGA.A..
alignment-sample88  AGCC.AGGCCA....CCAAA..a-..GGUG.CCACUGG..AACUC.G.U..GAAGGCGGUGCUGCCUGG.UU..............A.cCCCUC.A..
alignment-sample89  AGCC.AGGCCU....G-GUG...C..CCAG.CCACAGG..AUGCU.G.G..GAAAACUGUGCUGUCUGU.UGg...........agC..ACCAA.A..
alignment-sample90  AGUC.AGGCCGggauCC---...-..AGCG.CCACCGA..A--GU.G.A..GUAGACGGUGCUGUCUGU.GA..............C.uUCUAA.G..
alignment-sample91  AGUC.GGGCCC....GU---...U..ACGG.CCACGGC..UAGGG.G.A..GUAAACCGUGCUGCCUGU.G-.............cC..UUUAC.G..
alignment-sample92  AGUC.AGGCCU....UCUAU...U..-AAG.CCACUGG..AAGAU.G.G..GGUAACAGUGCUGCCUGU.GAc............gC..CCAGA.C..
alignment-sample93  AUUC.AGGCCG....UAGGA...U..UCCG.CUAUGGA..G--UC.G.A..GUAAACCAUACUGCCUGG.GA..............C..ACCCC.U..
alignment-sample94  UGUC.AGGCCU....UCAUA...-..GACG.CC-----..-CGCG.G.C..GUAAGC--AGCUGCCUGU.GC..............C..CCAGU.C..
alignment-sample95  UGUC.AGGCCC....GUUAA...-..GCGG.CCACUGG..A--CA.G.U..GCUAUCGGUGCUGCCUGU.GU.............uC..CGC--.-..
alignment-sample96  AGUC.AGCCCA....AA---...-..GUUG.CCACCGU..A--UU.G.A..ACAUUCGGUGCUGGCUGU.AA..............C..UCAAA.A..
alignment-sample97  AGUC.AGGCCG....AC---...U..GUAG.CCACCGU..A----.-.A..GUACACGGUGCUGCCUGU.AG.............aC..CCCUU.C..
alignment-sample98  UGUC.AGAUCA....UG---...-..CAAG.CUACAGA..AAGUC.C.U..-----CUGUGCUAUCUGU.GG..............U..CCCAU.G..
alignment-sample99  AGGC.AGGCCG....CAAAU...U..AGUG.CCACCGG..A--CC.G.U..GUAGGUGGUGCUGUCUGC.CGgu.........gaaCguUGAGC.C..
alignment-sample100 AGUC.AGUCCG....GAAUC...G..UCCG.CCACCAG..AGACC.G.G..GUAAUUGGUGCUGACUGC.GA..............C.aUCUA-.-..
#=GC SS_cons        :::(.((((<<....<<___..._..>>>>.,<<<<<_.._____._._.._____>>>>>,,))))):.::..............:..:::::.:..
#=GC RF             AGUC.AGGCCa....gcaAa...U..gcuG.CCACcGg..Aaguu.G.A..GuAaACgGUGCUGCCUGu.GA..............C..UCaAc.c..
//
