# STOCKHOLM 1.0
#=GF ID alignment
#=GF DE Synthetic sequence alignment generated by cmemit
#=GF AU Infernal 1.1.5

alignment-sample1   AGUCACGCCAGU.GAA....CUAUGC..UACAGA-ACUUAAUC.AA.A.CUG.U.A.CUGUGUGUAA........C....CAUAC..C.
alignment-sample2   AGUCAGGCCAGA.AGC...aGACUGAcaCACGGCAAUUGAAAA.AA.A.CGA.U.G.CUGCCUGUGC........C....UUCAC..C.
alignment-sample3   GGUCAGGCCCCG.AAA...gUCGGGC..CAUAGGA--CUAAUU.AG.A.CUA.U.G.C-GCCUGCCA........G....CCGAC..Ga
alignment-sample4   AGUCAGGCCACA.AGC...gUUAUGC..CACAUAAUGUAAAGU.CA.A.AUG.U.G.CUGCCUGUGC........C...uUAAAA..A.
alignment-sample5   AGUCAGGUCAAU.---....C-UUGU..CACCGUA--UUGACG.AA.AcUGG.U.G.CUACCUGCGA........C....UCGUC..A.
alignment-sample6   AGUCAGGCCAA-.---....-UUUGC..CACCGGGAGCGGGAG.AG.A.CGG.U.G.UUGCCUGU-A.......gC...uUCUCC..U.
alignment-sample7   AGUCAGGCCAGA.AAA...uUUCGGC..CACGGGAUACGU-GU.AA.G.CCG.U.G.CUGCCUGCAA........C....UCAAC..A.
alignment-sample8   AGUCAGGCCCGU.GAA...uCACGGC..CACGGUAAGUAGAAU.CA.U.CCG.U.G.CCGCCUGCCA.......uC...gUCAAU..C.
alignment-sample9   CGUUAGGUCCGA.ACA...aUUCGGC..CACCGGUAUCUGAGA.CA.U.CGG.U.G.CCACCUACGG........C....-----..-.
alignment-sample10  AGUCAGGCCAGC.UGG...uCGCAGC..CACGGAG--CUU-AG.AA.C.CCG.U.G.CUGCCUGCGA........C....UUUUC..U.
alignment-sample11  AGGCAGGCCGCC.AAC....UGACGC..UACAGGAUCU-GA-U.AG.A.CUG.U.A.CUGCCUGCGU........C....UCCCC..C.
alignment-sample12  AGUCAGGCCGCG.---....UCGCGC..CAUUGGAUGCUGAGU.CA.A.CAA.U.G.CUGCCUGUGG........C...gUCAAC..C.
alignment-sample13  AGUCAGGCCAGUaUAG...u---UGC..CAACUGAAGACGAAU.AG.G.AGU.U.G.CCGUCUGUGC........C....UUUGU..U.
alignment-sample14  AGUCAGGCCGAA.UU-....-UUCGC..CAC------UUGCAG.GA.U.UCG.U.G.CUGUCUGUGCc.....ccC....UCAGA..C.
alignment-sample15  AGUCAGGUCGGA.CAU...g-UCGGC..CACUGACUAUUGAAU.AG.A.CGG.U.G.CUACCUG--A........U....CCA--..-.
alignment-sample16  AGUCAGGCCAUG.AAA...g-CGUGC..---AGGA--UAUUGU.AG.A.CUU.G.U.CUGCCUGCUA........C...cUCCAA..U.
alignment-sample17  UGUCAGGCCUUA.ACG...a---AGC..CACCGU-AGUUGAAC.AA.A.CGG.U.G.CUGCCUGCUU........C....C--GC..C.
alignment-sample18  UGUCAGGCCUAU.CGG....AGUAGC..CAGAGG-ACUGGGAA.UG.G.CUU.U.G.CUGUCUGUGA........C....CCGUA..C.
alignment-sample19  AGUCAGGCCCGA.AAGg..gCAAAGC..CACAGGAAAAUG-GU.AA.A.CUG.U.G.CUGCCUGCGC........CuugcUCA--..-.
alignment-sample20  UGUCGGGCCCGG.AUC....AUCGGC..CACAGCAAAUUUGAU.AG.A.CUG.U.G.CUGUCCGUGA........C...cUCAAC..A.
alignment-sample21  AGUCAGCUCCGA.GAU....-CCGGC..CACAGCAUGCCG-GU.AA.G.CUG.U.G.CUAGCUGCAC........C...uUCCCC..C.
alignment-sample22  UGUCAGACCGGC.---....CGUCGC..UACCGGAAUGGGCGC.AG.A.UGG.U.A.CUGUCUGUGAaa....ccC....UGAGC..A.
alignment-sample23  AGUCAGAUCGCA.AAGauuuUUGCGC..CUCGACAAGGAGGGC.AG.G.UCG.G.G.CUAUCUGCAAg......gG....GCUAC..C.
alignment-sample24  AGACACGCCUUC.AAU....UGAAGC..UACCACA--CAU---.--.-.UGG.U.A.CUGCAUGCGA........C....CCCUA..U.
alignment-sample25  AGUCAGGCCCCC.---....CGAGGC..CAUGUCG--CGGA--uGA.G.ACG.U.G.CUGCCUGCCU........C....UCAGG..C.
alignment-sample26  AGUCAGGCCGGG.--A....UUCCGC..CACAGCAAGAUGAUG.CA.A.CUG.U.G.CUGCCUGAGC.......uC...aCUCCA..C.
alignment-sample27  AGUCAGGGCGGC.AUAa..uUGCCGC..CACCA----CUGAGA.AA.A.UGG.U.G.UUGCCUGUGA........C...gUAACC..C.
alignment-sample28  AAUCAGGCCGCA.---....UGUUGC..UACAGUA--AUUGGA.AG.A.CUG.U.G.CUGCCUGGAAca...augC....UGCUC..A.
alignment-sample29  AGUCAGGACGGC.CAC....UGCCGC..CACAGUAGGCUGGGC.AG.A.CUG.U.G.CUUCCUGUGGuc....cuC....ACAAC..A.
alignment-sample30  UGUCAGGCCUUC.AAG...uGCUAGC..CACAGCC--UCGAGA.AG.U.UUG.U.G.CAGCCUGUAA........C....GCACA..G.
alignment-sample31  AGUCAGGCCGGA.UAA...gACCCGC..CACCGGA--UAGGGC.GG.G.CGG.U.G.CUGCCUGCAA........C...cUCAGG..G.
alignment-sample32  AGUCAGGCCAGU.UGC...aUACUGC..CACAGGGCCAACGUU.AGcG.CGG.U.G.CUGCCUG---........-....-----..-.
alignment-sample33  AGUCAGGCCAAC.AA-....-GCAGC..CACCG---UGGUUAC.AG.G.CGG.U.G.CUGUCUGCGAu......uC....ACAAC..U.
alignment-sample34  AGUCAGGCCCUA.U--....-UAGGC..CAGCGGACACACGGU.AA.A.CGC.U.G.-UGUCUGCGU........-....-----..-.
alignment-sample35  UGUCAGGCCAGA.CAG...u-GUCGC..CAGAGGAGAACGGAA.CG.G.CUU.U.G.CUGCCUGUUC.......gC....UCCGA..U.
alignment-sample36  AGUCAGGUCUCU.---....-UAAGC..CACCGGACUAUGUGU.AC.G.CGG.U.G.CUACCUGAGA........C....AUGAA..U.
alignment-sample37  GGUCAGGCCCUA.UUA...uUUCGGC..UACAGCA--UUGUGU.AC.A.CUG.U.A.CUGCCUGUAA........U....UCGAAuaA.
alignment-sample38  AGUCAGGCCUGG.UAU...gUCUUGC..CACCAUAUUUGGAGU.AG.G.CGG.U.G.-AGCCUGCGA.......uC....GGAUG..C.
alignment-sample39  AGUCGGGCCUUG.AA-....-UAAGC..UACCAUG--CUGCGA.AU.A.UGG.U.A.CUGCCCGCAA........Ca..gUCCAA..A.
alignment-sample40  UGCCAGGCCAGA.ACA...c-UCUGC..CACCGCA--CGGAAC.GG.A.CGG.U.G.CUGCCUGCGAg.....acC....UCAGC..G.
alignment-sample41  AGUCAGCCCGCC.AGC....UGGCGC..CAUAGAA--UUGA-C.AG.C.CUA.U.G.CUGGCUGUGA........C....UCAAU..C.
alignment-sample42  CGUCAGGCCGGA.---....UUCCGC..CACGAUUUUCGCAGU.A-.-.UCG.U.G.CUGUCUGUGA........Cg..uUCUAC..G.
alignment-sample43  AGUCAGGACUCC.AAG....G-GAGC..CACCGG---UGG--C.AA.A.CGG.U.G.CUUCCUG--A........C....GAUAA..G.
alignment-sample44  UGUCGGGCCUCU.UA-....-UUAGC..CACGGGCUUGUGGGA.AG.C.CUG.U.G.CUGCCCGGUU........C....GCUGU..G.
alignment-sample45  AGUUAGGCCAGC.---....-GCUGC..-ACUG----UCGAGG.AG.A.UGG.U.C.CUGCCUUCGA........U....GCAAC..A.
alignment-sample46  AGUCAGGCCACU.---....UAGUGC..CACAGGAAUUUAGGG.CA.A.CUG.U.G.CAGCCUGCGAc......gC....UUAAC..U.
alignment-sample47  AGUCAGGUCUGU.AAA...gUAAAGC..CACCGGAAGCCAAAU.GA.G.CGG.U.G.CUACCUGAGA........C...uACAAC..A.
alignment-sample48  AGUCCGGCCCGU.UAA...aUGC-GC..CACCCUG--AUAAGU.AG.A.GGG.U.G.CUGCU-GCGU.......cC....UCAAA..U.
alignment-sample49  UAUCAAGCCACUuUA-....-AAAGC..C---ACAUGUAGAGC.CG.A.U-A.G.G.CUGCUUGUGUggauauuuC...uUGACA..G.
alignment-sample50  GGGCAGGCCGAU.UAU...aUAUCGU..CAUCGU-UGAGGAUG.AG.G.CGA.U.G.CAGCCUGAGA........U....CAAAC..C.
alignment-sample51  GGUCAGGCCGCG.UUG...cUUGCGC..CACGGGUAAUGGCCU.GA.A.CUG.U.G.CUGCCUGUGC........C....UCCAA..U.
alignment-sample52  AGUCAGGCCUUA.---....UUAGGC..CACGGCAUACUGAGU.AA.C.CCG.U.G.CGGCCUUUGA........C...gCGAAA..C.
alignment-sample53  AGUCCGGCCUCA.---....UUGAGC..CACAG----UU-ACU.AG.A.CUG.U.G.CUGCCGGCAA........C....CCUGA..C.
alignment-sample54  UGUCAGGCCUC-uAAG...uGAAGGC..CACAGGU--CU--AA.AA.A.CUG.U.G.CUGCCUGUUA........C....UCACA..C.
alignment-sample55  AGACAGGCCGGC.CAG...aUGAAGC..CACGGUGUCAAGGUU.AG.A.UCG.U.G.CUGCCUGCGA........C....CCAGC..C.
alignment-sample56  AGUUCGGCCGGA.GAG....UUCCGC..UACAGAAUACAGAAC.AA.C.CUG.U.A.CUGUCGAUGA........C....CCCAA..U.
alignment-sample57  AGUCAGGUCGAC.AUA...aUUUUGC..GACGGCAGGUUGGAG.GG.U.CCG.U.C.CUACCUG--A........C...aCCCAU..U.
alignment-sample58  AGUCAGGCCUGUu--A...gUUCAGC..CGCCGGA--CGGAGG.AA.A.CGG.U.G.CUGCCUGAGG........C....UCUCG..C.
alignment-sample59  AGUCAGGCCUGC.---....-UCAGC..CAUUGCAAGCGGAUU.AG.U.CAG.U.G.CUGCCUGGGA........C....UUCUC..G.
alignment-sample60  AGUCAGGCCAGU.---....UACUGC..CACCGUAAGUGG-GC.AA.A.CGG.U.AaCAGCCUGGAAg.....uuC....UCCGC..A.
alignment-sample61  AGUCGGGCCAGA.UGGa..uUUAUGA..CACGGUAAGCGGAAU.AA.A.CCG.U.G.CUGCCCGUGGg.....ugC....UGUGA..-.
alignment-sample62  AGUCCGGCCUUU.---....GAAAGC..UACCGGUGGCUAUUU.UG.G.CGG.U.A.CUGUCGGCGA........C...aUUA--..-.
alignment-sample63  AGUCAGACCACA.---....CUCUGC..CACCGUA--UUG-AA.AG.C.CGG.U.G.CGGUCUGCGA........C....CCGAC..A.
alignment-sample64  AGUCAGCCCGCU.---....-AGCGG..UAUAGGG--CUAGAA.CG.A.CUA.U.A.CUGGCUGCGU........C....CCAAA..U.
alignment-sample65  GGUCAGGCCGGU.CCA....UACAGC..CACUAUCAGCCGUAU.AA.A.UAG.U.G.CUGUCUGUGG........C....UCGGC..G.
alignment-sample66  AGUCAGGGCAGG.ACU...c-CCUGC..CACCGGAGGCGAG-A.AG.A.CGG.U.G.CUACCUGUGC........C....UCAAA..U.
alignment-sample67  AGUCAGGCCAG-.---....-UCUGA..CAUAACAUGUUGUCU.AA.A.UUA.U.G.CUGCCUGUGAguaucaauA....UCAGC..G.
alignment-sample68  CGCCAGACCCGG.AU-....UCCGGC..-ACUGG---GAGAGG.AA.A.CUG.U.A.CUGCCUGUGA........C....GGUCC..A.
alignment-sample69  UGUCUGGCCUUC.U--....-GGAGC..CACCGAAAAGGGAAG.UC.G.CGG.U.G.CUGCCAGGUU........C....GCCAU..Cc
alignment-sample70  CGUCAGGCCUUU.ACG...cUAAUGC..CACGAGAACUCGAUC.AA.A.UCG.U.G.CUGUCUGCAA.......gC...gGUAAA..G.
alignment-sample71  UGUCAGGCCAAU.AAG....UGUUGC..GACUGCA--GUAAGU.AG.U.CAG.U.C.CUGCCUGCCA........C...uUCCAA..A.
alignment-sample72  AGUCAGAUCGGG.---....ACCCGC..CACAGAGCGCCGGAA.AA.A.CUG.U.G.CUAUCUGUGG........C...uCCAAC..C.
alignment-sample73  CGUCAGACCAGC.---....-GCUGC..CAUUGUCCAGAACAA.AA.G.CAA.U.G.CUGUCUGUGA........C....UCAAA..C.
alignment-sample74  AGUCAGGCCCC-.GCAu..aGUGUGC..CACGGUAAGAAGUCU.AA.G.CCG.U.G.CUGUCUGAAU........C...cUCUAU..C.
alignment-sample75  CGUCAGGCCAGU.U--....U-UUGC..CACCGGAUAUUGAAA.AA.G.CGG.U.G.CUGUCUGUGAg......uC....UCA--..-.
alignment-sample76  GGUCAGGCCCGG.AGA....UACGGG..CAUUGCAGUCUGAAG.AA.C.CCA.U.G.CAGCCUGCUA........C....ACAAC..C.
alignment-sample77  AGUCAGGCCACC.AAAc..u-GAUGC..CACCGUAUCGGGUUG.AG.A.CGG.U.G.UAGCCUGAGA.......aC....UCAAG..C.
alignment-sample78  AGUCAGACCUUU.ACA....UCAGGC..CACGAAA--UUGGGU.AG.U.UCG.UgG.CUGUCUGCGU........U....GCAAU..G.
alignment-sample79  AGUCAGGCCACA.UU-....-UGUGC..CAGAAGUACUGUGGU.AU.G.CUC.U.G.CUGCCUGAAA........C....UAACU..C.
alignment-sample80  AGUCAGGCCGGA.AUG...gUUCUGC..CACCGAACGCGGAAC.AC.U.CGG.U.G.CUGCCUGCGA........U....UCA-C..C.
alignment-sample81  AGUCAGUCCGGG.GUA....UCCCGC..GACUGUAACUGGAAA.AU.A.CGG.U.C.CUGGCUGCGA........C....UCUCU..U.
alignment-sample82  AGUCAGGCCGGU.UCA...aUACCGC..CACUGUA--ACGAUU.AC.G.CAG.U.G.CUGCCUGUGG........A...gUCAGC..U.
alignment-sample83  AGUCAGGUCAAU.UUG...a-CUUGC..CAUCGUG--AUG-GU.CA.G.CGA.U.G.CGACCUGUGG........C...cCCCCG..U.
alignment-sample84  AGUCAGGCCGG-.---....GAUCGC..CCCCGGACGCCGUGA.AG.A.CGG.-.G.CGGCCUGUGC........U....UCUGC..G.
alignment-sample85  AGUCAAGUCGUG.A--....UCAUGC..UAUAAAAA-----GU.AA.G.UUA.U.G.CUACCUGCCA........C....UCAAA..A.
alignment-sample86  AGUCAGGCCUUG.AAA...cUCAGGC..CAUGGAAAAUUAA--.--.-.CUA.U.G.CAGCCUGUGA........C....CUAAC..C.
alignment-sample87  AGUCAGGCCUAA.GAA...cUUUGGC..CAUUGUAGUUUAAAU.AA.A.CAA.U.G.CGGCCUGCUA.......cC....UGAAU..G.
alignment-sample88  UGUCAGGACAUC.AAA...aUGGAGC..CACCGGA--CUGAUG.CG.U.CGG.U.G.CUUCCUGAA-ccu.gggaC....CCACA..C.
alignment-sample89  UGUCAGGUCUGC.UAA....-UCGGC..CACUGUAAGCUU-GU.AA.A.CAG.U.G.CUACCUGUGA........C....UCCGU..G.
alignment-sample90  AGUCAGGCCAGA.AAU...u-CCUGC..CACCGAACUUGUAGA.AA.A.CGG.U.G.CAGACUGUGAgg...uguC....ACAAC..C.
alignment-sample91  AGUCAGGCCGCG.GAA...c-UGCGC..CA-----UGUUAAGA.AG.G.---aU.G.CUGCCUGAGA........C....CUCAA..C.
alignment-sample92  AGUCAGUCCUAG.A--....CCUAGC..CACAGCAUGUGGAAC.AA.A.CUG.U.G.C-GCCUGCGAuga.ugccCu..uGCA--..-.
alignment-sample93  AGUCGGGCCUUC.GAU....UGGAGC..CACCGUAG-UUGAGU.AA.C.CGG.U.G.CUGCCAGCACcu....agC...aUUAAC..C.
alignment-sample94  AGUCAGGCCAGC.CAA...cUCCUGA..CACUGAACGUGGACU.AG.G.CAG.U.G.CUGUCUGCGA........C...aGCCAC..C.
alignment-sample95  AGUCAGGUCACU.AGU....UAAUGC..CACAGUUCGUCAUGU.A-.-.CUG.U.G.CUACCUGCAA........C....GGUAC..G.
alignment-sample96  AGUC----CUUG.---....-UAAGG..CACAGUAAGUCUGGA.UA.A.CUG.U.G.CUUUCCGUGA........C...uUCUUA..G.
alignment-sample97  AGUCGGGCCCGA.AAA...gUUAGGU..CACCGAAAGAUGCAA.AA.A.CGG.U.G.CUGUCUGCAUa.....auC....ACAGC..A.
alignment-sample98  AGCCAGGCCGGA.---....UUACGC..CAUCGGGAGCUGUAU.AA.G.CGA.U.G.CUGCCUGCGUg.....ugC....CCUAC..C.
alignment-sample99  UGUCAGGCCGAC.C--....GGUCGC..CACCGUAAACGGAAA.AA.A.CGG.U.G.CAGCCUGUAU........C....UCCAA..G.
alignment-sample100 UGCUAGAUCGCG.ACA....-UGUGC..UGCCGGAAAUU---A.AA.G.CGG.C.A.CUAUCUAUGU........A....UCCGA..A.
#=GC SS_cons        :::(((((<<<<.___...._>>>>,..<<<<<__________.__._.>>>.>.>.,,))))):::........:....:::::..:.
#=GC RF             AGUCAGGCCagc.aAa....UgcuGC..CACcGgAaguuGAGu.Aa.A.CgG.U.G.CUGCCUGuGA........C....UCaAc..c.
//
