# STOCKHOLM 1.0
#=GF ID alignment
#=GF DE Synthetic sequence alignment generated by cmemit
#=GF AU Infernal 1.1.5

alignment-sample1   UGUCAG.GCCACA---..U.AA.UGCCAUCGGGAACGAAGGG..G.A.CG.A..U.GCUGCCUGCGU.........C..CGAC.A.U
alignment-sample2   AGUCAG.UCCGAAACG.g-.UA.CGCUAGCGGA--AUGAGUA..A.G.CG.C..U.ACUGGCUGUAA.........C..UCUG.A.U
alignment-sample3   AGCCAG.GCCUGU---..U.AC.AGCCACCGCAAGCUGGGAA..A.G.CG.G..U.GCUGCCUGCUU.........C.uACCA.C.G
alignment-sample4   CGUCAG.GCCAGCAGA..-.GC.AGCCAC--GUCGUAGGAGA..A.GuAA.G..U.GCUGCCUGUGA.........C..UCAA.C.C
alignment-sample5   AGUCAG.GCCAGCCAU..U.GA.UGCCACAGGA--UUCGGGG..C.A.CU.G..U.GCUGCCUGAGA.........C..GGAG.U.G
alignment-sample6   AGUCAG.GUCGCUCAA..U.GA.CGCCACCGAAAUCAGGGCA..G.A.CG.G..U.GCUACCUGUUC........cC..UCAA.C.G
alignment-sample7   AGUCAG.GGCAGCGGG.cU.UC.AGCCACCAAAUGCGGGUUA..G.G.UG.G..U.GC-UCCUGUGA.........C..CCAA.A.U
alignment-sample8   AGUCGG.GCCCAAAAA..A.UU.GGCCAUCGGA--UUA-AUU..A.G.CG.A..C.G-UGCCCGAGGc......auC..UAC-.-.-
alignment-sample9   AGGCAG.GCCCAAAAA.cU.AU.AGCCAGCGGAUGGCGGUCA..A.G.CG.C..U.GCAGCCUGU-A.........C..UUAA.A.G
alignment-sample10  AGUCAG.GCCAGUUAA.gC.AA.UGCCACGGUAUUGCGUGUA..A.A.CU.G..U.GUUGCCUGUGAcc....cggC..ACCA.C.C
alignment-sample11  AGUCGG.GCCGUCGCA.uC.AA.AGCCAUUGG-AUCGGGGUA..A.U.CG.A..U.GCAGCCUGUGA.........C..ACAA.U.C
alignment-sample12  AGUCAG.GCCGGGCGUuaG.AU.UGCCACUGGUAGAGGUAAA..A.G.CA.G..U.GCAGCCUGAUAguu...guuC..UCAG.A.A
alignment-sample13  UAUCAG.GCCUAGUCA..A.CG.AGCCACCGUA-GUGGAAUA..G.A.CG.G..U.GCUGCCUGUGA.........C.aUCUG.A.C
alignment-sample14  AGU-AG.GCCAUACU-..U.UU.UGCCACUGGA--UUG-AAAagG.A.CG.G..U.GCUGCCUCU--........aC..UCGG.A.C
alignment-sample15  AGUCAG.GCCACCAAA.uA.UG.UGCUAUCGGA--UAGAUAA..G.U.CG.A..U.ACUGCCUGAGA.........C..UCAA.A.G
alignment-sample16  AAUCAG.GCCUUCCA-..U.UA.AGCCACUG-ACGCGGAGAA..A.A.CC.G..U.GCCGCCUGCAA.........C..--CA.A.U
alignment-sample17  UGUCAG.GCCGAA---..U.UU.CGCCACCGGUUGCGG-AGA..G.A.CG.G..U.GCUGCCUGAGA.........C..UUCG.U.A
alignment-sample18  AGU-AG.GCCUUUA--..U.GU.AGCCAUCUUAAGAUG-AGC..A.A.AG.A..U.GCAGCCUCUGC.........C..UCCU.A.G
alignment-sample19  UGGCAG.GUCCGCCAG.uU.UC.GGCCAUCGUAUGGUGAACA..G.A.CG.A..U.GCAACCUGCGC........gC..CCUA.A.G
alignment-sample20  AGUCAG.GCCUGAAGG.gG.UC.AGCCAUGGGUAACUGA-AA..G.A.CC.G..U.GCUGCCUGCGA.........C..UCCA.U.A
alignment-sample21  AGUCAG.GCCUUCAAA.aA.UU.AGCCAAAGGA-AGCG-AUA..G.A.UU.U..U.GCUGCCUGCGA.........C.cCCGA.C.C
alignment-sample22  GGUCAG.GUCUA----..U.UU.GGCCAAAGG---UGGAGCA..A.G.CU.U..U.GCCACCUGCGC.........C..UCCG.C.G
alignment-sample23  AGUCAG.GCCAUUAUA.a-.CA.GGCCAAUGUAAAUAGAGCA..G.G.CA.U..U.GCUGCCUGCGGuaucuaagaC.cUCAG.GcG
alignment-sample24  UGUCAG.ACCAGACAU..U.CC.UGCCACUGUAUACUUAGUA..A.A.CA.G..U.GCUGUCUGCCA.........C.gCACA.C.A
alignment-sample25  AGUCAG.GCCAUCUAA.cU.GA.UGUCACCGCACGUUU-AGA..G.A.CG.G..U.GCUGCCUGUAA.........C..ACUC.U.C
alignment-sample26  AGUCAG.GCCACGCU-..-.GG.UGCCACUGUCAGCGGAGUA..A.A.CG.G..U.GCGGCCUGGAA.........C..UCCA.A.U
alignment-sample27  AGUCAA.GCCGGUU--..U.AC.UGCCACCGGA---AGAGCA..G.G.CG.G..U.GCUGCUUGGAA.........C..CUGU.A.G
alignment-sample28  GGUCAG.GCCGGCAAC.a-.CU.AGCCAUCGUU------GUA..A.A.UG.A..U.GCCGCCUGUGGu......agC..CCUA.A.A
alignment-sample29  AGUCAG.GCCCCACAU..U.UA.GGCCACAGUAAGGAUAGAA..G.A.CU.G..U.GCUACCUGGUAu......aaC..UCCG.A.C
alignment-sample30  AGUCAG.ACCUUAAAG.aUuUG.GGCUACUCGAACGUGGGUA..G.A.GA.G..U.UCUGUCUGCUAag.....ccC..CCUC.A.A
alignment-sample31  AGUCAG.GCCGUAAAG..U.UA.AGUCACCGGA--UCGACAA..A.G.CG.G..U.GCUGCCUGAGCa.......uC.cUCAA.A.C
alignment-sample32  AGUCAG.GCCUGGGUG..U.CC.GGCCACCGUAUGUUGUAUA..G.A.CG.G..U.GCUGCCUGUCA.........C.aCGAA.U.U
alignment-sample33  UG-CAG.GCCAGU---..U.GC.UGCCACUGUGAUCAGAAAA..U.A.CA.G..U.GCUGCCUGGAC.........U.cCCU-.-.-
alignment-sample34  AGUCAG.GCCCGA--A.c-.UC.GGCCACCGAACGUUUAGUA..A.A.CG.G..U.GCUGCCUGAAA.........C.aGCCU.G.A
alignment-sample35  AGACAG.GCCAGAAGGug-.UG.AGCCAUCGAUUUCAGAGUA..G.A.CG.A..U.GCUGCCUGUGU.........C..GCAU.C.C
alignment-sample36  GGUCAG.GCCUGGAAA.cU.CC.AGCCACGGGAGGCUGAAUU..A.A.CU.G..U.GCUGCCUGUGA.........CggAUCG.A.C
alignment-sample37  AGUCAG.GCCCUGAGU..U.CA.GGCCACGGGCAGAGGGAAA..U.G.CU.G..U.GCUGCCUGUUA.........C..CCC-cA.C
alignment-sample38  UGUCAGuACCGUU---..U.AA.CGCCACAGGAAGAUG-GUA..G.G.CU.G..U.GCUGCCUGUGA.........C..ACCC.U.A
alignment-sample39  AGUCAG.GCCCUUA--..-.-AgGGCAACCGUUUGUAGAGAG..A.A.CG.G..U.UCUGCCUGUGA.........C..UCAA.A.U
alignment-sample40  AGUCAG.GCCGCGUAA..A.--.CGCCACUUUAAAACA-GCG..A.A.AG.G..U.GCUGUCUGCUU.........U..UCAG.C.C
alignment-sample41  AGUCAG.GCCUGCCA-..U.GC.AGCCACCGCAGGCCGAGAA..A.A.CG.G..U.GCUGCCUGUGA.........C..UUAA.C.G
alignment-sample42  AGUCAG.GCCCG----..-.AC.GGCUAUCGUGCGCGUAGUA..G.C.CG.A..UuACUGCCUGCGA.........C..UCUG.C.C
alignment-sample43  CGACAG.GCCCGG---..U.CC.GGUCACUGGUCACUGAGUG..A.A.CG.G..U.GCAGCCUGCGA.........C.uUCAA.U.A
alignment-sample44  AGGCAG.GCCGUGGAAcu-.UG.CGCCAUGGCA--UGGGGUA..A.A.CC.A..U.GCUGUCUGUAA.........CuuAUUA.A.C
alignment-sample45  AGUCAG.GAACGGAGU..U.--.--CCACGGUAUUUUGAAGU..G.G.CG.G..U.GCUUCCUGUGA.........C.uUCUA.A.C
alignment-sample46  AGCCAG.GACGGACAG..U.UC.GGCCAGCGCAUCUUGAGAA..A.A.CG.C..U.GCAGCCUGUUA.........C.gUCCA.C.G
alignment-sample47  UGUC--.--CUUAUC-..U.UA.AGCUACGGGUUAUACGGCG..A.C.CC.G..U.AC--CAAGU-G.........C..CCGA.G.U
alignment-sample48  AGUUAA.AUCCAGUCU.gU.CU.GGCCAGCG----CGCGGAA..G.G.CG.C..U.GCUAU---CGAg.......aC.uUGAA.A.G
alignment-sample49  CAUCAG.GCCAUCACU.gU.GA.GGCCACUUGA--GUGCGUA..G.U.AA.G..U.GCUGCCUGCUUc......ccU..CCUU.U.C
alignment-sample50  AUUCAG.ACCAGGA--..U.UC.UGCCACUGUAUGAGGAGCA..A.A.CA.G..U.GCUGCUUGCAA.........C..GCAA.C.C
alignment-sample51  GGUUAG.GCCGG----..U.AC.AGCCACGGCAUGUCAGAAA..G.G.CC.G..U.GCCGCCUGUGAugc..cucaC.cUGAA.G.C
alignment-sample52  AGUCAG.GUCCAC---..U.UU.GGCCACGGAAUGUUGGGAA..A.G.UU.G..U.GCUACCUGCGC.........C..CCCC.G.A
alignment-sample53  AGUCAG.ACCCGGAUA.u-.CC.GGCCAUCUGACGUGGAUUA..A.G.GG.A..U.GCUGUCUGUGC.........C..UUAG.A.C
alignment-sample54  AGUCGG.GCCAGGAUG.aU.UC.UGCCACCGG---AGCAAUA..G.A.CG.G..U.GCAGCCCGUGAggu...uucG..AC-A.U.C
alignment-sample55  UGGCAG.GCCUUCG--..A.--.AGCCAACGGG--UUUGGAA..G.A.CG.U..U.GCUGCCUGCGU.........C.cCAA-.-.-
alignment-sample56  AGUCAG.GCCAGGAGG..U.CC.CGCCCCGGAAAGUUGUGGA..G.G.UC.G..U.GCUGCCUGUGA........aC..UCUC.C.G
alignment-sample57  AGUCAG.GCCUCGACA.uU.CA.AGCCACGGGU--UAGAAUA..G.C.CG.G..U.GCGGCCUGUGAg......aaC..GCAU.U.A
alignment-sample58  AGCCAG.GCCGAGUAA..-.CU.UGCCACUGUGAGUCGAGAA..A.C.CA.G..U.GCCGCCUGCGU.........C..CCAA.A.C
alignment-sample59  UGCCAG.GCCUGCAAG.cA.UC.GGCCACGGGA--UCGGACA..G.A.CC.G..U.GCUGCCUGAAU.........C..UCUA.A.C
alignment-sample60  AGUGAG.GCCUAUG--..G.UU.AGCCACUGGAUGGGGAGGA..G.U.CG.G..U.GCCGCC----U.........C..AUUG.C.A
alignment-sample61  AUUCAG.GCCAUGGAG..U.UA.AGCCACCGUAUUAGGGAGA..GuA.CU.G..U.GCUGUCUGCGA.........C..CCGA.C.C
alignment-sample62  AGUUAG.GCCCGGAAA.uU.UC.GGCCACGGUA--CUGAGUA..A.C.CC.G..U.GCUGCCUGCGC.........C..ACCA.C.C
alignment-sample63  AGUCAG.ACCGCGUA-..U.CG.CGCCACCGGAAGGAG-AGA..A.A.CG.G..U.GCUGUCUGUGA.........C.aUCCG.CcG
alignment-sample64  GGUCAG.GCCUGCU--..G.GC.AGCCAGAACUAGGUAGUUA..G.A.UU.C..U.GCUGCCUGCGCggg..gcgaC..UCAA.C.U
alignment-sample65  ACUCAG.GCCAGU---..C.AC.UGCCACAGGA--UUGGAAA..G.A.CU.G..U.GCUGCCUGCGUgg.....cuC..GCCA.C.U
alignment-sample66  GGUCAG.GCCCUCAGG..A.GG.GGGCAUAGGA--UCGAGAA..C.G.CU.A..U.GCUGCCUGAAAc.......aC.aAUAA.A.G
alignment-sample67  AGUCAG.GCCAGGAAA.gU.CC.UGCCACUGGACGUUGUUAA..A.A.CA.G..U.GCUGCCUGAGA.........C..ACAC.G.G
alignment-sample68  AGUCAG.GCCGGGAGAugU.CC.UGCC---GGUGGUCGGCAG..G.A.CC.U..A.GCUGCCUGAGA.........C..CUGA.A.G
alignment-sample69  GGUCAG.GCCCUAUAG.uA.UA.UGCCACCGC-AGCUG-GAA..A.A.CG.G..U.GCUGCCUGUGA.........C.gUCAC.U.C
alignment-sample70  AUUCAG.GCCUGG---..U.CC.GGCCAUGGGA--CUGAGGA..A.A.CU.A..U.GCUGCCUGUGA.........C.gGCAA.C.C
alignment-sample71  AGUCAG.GGCGGGUUAccC.UA.AGCCACAGUU--UGGAGGA..G.G.CU.G..U.GCUAUCUGCGA.........C..UCCG.C.A
alignment-sample72  AGUCAG.GCCGGAAGA.gU.GC.UGCCACCGUAGGCUGGGAG..U.U.CG.G..U.GCGGCCUGCAU.........U.cACCA.A.G
alignment-sample73  AGUCAG.GCCCAUCUG..U.AU.CGCUACCGGAUGUAUAUGA..G.A.CG.G..U.ACUGCCUGGGA........cC.gUCUA.U.U
alignment-sample74  AGUCGG.GCCACCAUG..C.GA.UGCUACCGCAGGUUGAGGA..G.A.CG.G..U.ACUGCCCGUGA.........C.uACAA.C.U
alignment-sample75  UGUCAG.GCCACAUGA.uG.UG.UGCCACCGGAAAUGAGGAA..A.U.CG.G..G.GCUGUCUGUUU.........C.uUCUA.U.C
alignment-sample76  AGUUAA.G-CGGUGAA.cA.AC.CGCCACCGUACGUUUA-G-..-.-.CG.G..U.GCUGCUUAUGA.........C..GCCA.C.C
alignment-sample77  AGUCAG.GUCACU---..C.AA.UGCCAUCG--AAGAGAGCG..A.A.CG.U..U.GCAACCUGCGAcc.....gcU.gCCCA.G.C
alignment-sample78  AGUAAG.GUUUUAAUGaaA.UA.GACUAGAAGA-GUCUAACA..A.U.CU.C..U.ACUACCUAUAA.........C.aCCAA.C.A
alignment-sample79  UGUCAG.GCCCGAAUA..-.UG.GGCCACCGCAUAGGGAAUA..A.U.CC.G..U.GCAGCCUGUGA.........C..UCAA.C.C
alignment-sample80  UGUCAG.ACCGCAACG..C.CG.CGCUACGGGUUACUGUGGC..A.A.CC.G..U.ACUGUCUGCGA.........C.gGUAU.C.C
alignment-sample81  AGUCAG.GCCGCGACA.u-.UA.CGCG--U---CUAUUAGUA..A.A.--.-..-.-CUGUCUGGGA.........C.aUCAG.C.C
alignment-sample82  AGUCAG.GCCAGGUUGau-.CU.UGACAUUGAAUCCAUAUUC..-.-.CU.A..U.GCUGCCUGUAA.........C..UCAC.A.G
alignment-sample83  UGUCAG.GUCAC-A--..U.UA.UGCCACAGGACAUCGCGGA..A.U.CU.G..U.GCUGUCUGUGA........aC.gUCAG.A.C
alignment-sample84  UGUGAG.GGCGGAUUU.g-.UU.UGCCACCGGAUGCGG-AG-..-.-.CG.G..U.GCUCCCUUCGA.........C..CCC-.-.-
alignment-sample85  UGUGAG.GCCCGCAUA..U.UU.GGCCAUGGUA---GGAGCA..A.G.CU.A..U.GCUGCCUCCGA.........C.aUUCA.A.C
alignment-sample86  AGUCAG.GCCGUCUAG..G.CG.CGCCACACGAAGCUAAUUA..C.A.GU.G..U.GCUGCCUGCGU.........C.aCCCU.U.C
alignment-sample87  AGUCAG.GCCGCCCAG..-.GG.AGCCACGGGUCGCUUAGAA..C.G.CC.G..U.GCUGCCUGCAA.........C..UCAA.C.G
alignment-sample88  AGUCAG.GGCGUGA--..U.AA.UGCCACGGGA--UGG-GAA..A.A.CC.G..U.GUUUCCUGCUG.........C.cCCAC.G.G
alignment-sample89  AGUCAA.GCCUAG---..U.UU.AGCCAUGGAA--AUGGGGG..A.C.CU.A..U.GCUGCUUGCGA........aC..ACAA.G.C
alignment-sample90  CGUCAG.GCCUUUAAG..U.CA.AGCAACAGAAAGCGGAGUA..A.G.CU.G..U.UCAGCCUGUGA.........U..ACCA.U.C
alignment-sample91  AGUCAG.GCCAGG---..U.UC.UGCCACCCGAAUUUGAAAA..G.U.-GgG..U.GCAGCCUGCGA.........C.aACUG.C.U
alignment-sample92  GGUCA-.--CAACAAG.gU.-A.AGCCACCGCAAGUUUUGUG..G.A.CU.G..U.GCU---UGAGUggg...aaaA..UUCC.U.C
alignment-sample93  AGUCAG.GCCGGAAUG..U.UC.UGACACCGGA--CAGUGUC..G.A.CG.G..U.GCUGCCUGCUUgg....agaC.gCCAA.A.-
alignment-sample94  AGUCAG.GCCACGGAA.c-.CG.UGCUAAGG--CGGACCACA..G.G.CC.C..U.ACUGCCUGCUG.........CuuUCGA.C.A
alignment-sample95  AGUCAG.GCCAAA---..G.UU.UGCCACUGGAAGUUGACCA..G.G.CA.G..U.GCUGCCUGUGU.........C..UCAA.C.U
alignment-sample96  UGUCAG.GCCCACUAA.cU.GU.GGCCACGGCAAUUCUAGAA..A.A.CC.G..U.GCAGUUUGGGG.........C..CCUA.U.A
alignment-sample97  AGUCAG.GCCGCAAUG.cU.UG.CGCCACU-GAAGGAGAGGA..G.A.-G.G..U.GCAGCCUGUGA........cU..CCAU.C.C
alignment-sample98  AGUCAG.ACCAGCA--..U.GC.UGCCAGCACU-GAUGAGUA..C.A.UG.C..U.GCGGCCUGCGA.........C..UGAG.G.U
alignment-sample99  -GUCAG.GCCACUAGG..C.AG.AGCCACAGUG--CCGGGUA..A.U.CU.G..U.GCUGCCUGC-C.........C..UUUG.U.G
alignment-sample100 UGUGAG.GCCGAGAAG..G.CU.CGCCACCGAAAAUCGGUUA..U.A.CG.GacU.GCUGCCUUC-A.........U.uCCAG.U.C
#=GC SS_cons        :::(((.((<<<<___.._.>>.>>,<<<<<___________.._._.>>.>..>.>,,))))):::.........:..::::.:.:
#=GC RF             AGUCAG.GCCagcaAa..U.gc.uGCCACcGgAaguuGAGuA..a.A.Cg.G..U.GCUGCCUGuGA.........C..UCaA.c.c
//
