# STOCKHOLM 1.0
#=GF ID alignment
#=GF DE Synthetic sequence alignment generated by cmemit
#=GF AU Infernal 1.1.5

alignment-sample1   CA...C.GU...UU.A..-..U...AGGAAC.UG..GUGCG.G..CAACGCAC..A...G.A..Cu............cG.U.GC.A.GG.GGAGAGGGUGGUACUC.UACG.CAC..CAG.UCU.U.AA..AUUA.AA...AUUACGUG...AGGU.UCCUC-.
alignment-sample2   UC...C.CG...CC.A..G..A...AAGGAU.UU..GUGUC.G..CAGUUCAC..A...G.A..G..............G.U.GA.U.GG.GUACAUGGUUAAACCC.AAGA.CGC..AAC.CCU.G.UG..CCCA.CCcccAAUCCGUG...AGCC.CCCCCC.
alignment-sample3   GU...G.GU...UU.U..C..C..aGGGAGG.UG..GUACC.G..CAGCGUGC..G...A.A..A..............G.C.AA.C.GG.AAUAACGGCUGAAUCC.GGGG.UAA..CAUcUUC.C.GA..UGCA.GU...ACCACGGG...AGAC.ACGAAU.
alignment-sample4   CU...G.UC...UG.A..C..U...AAGAA-.CC..CCGU-.-..-AGCGCUC..U...A.U..A..............G.A.GA.C.GU.GGAGCAGUUCGAACGC.GGAA.CGC..GGG.UCU.U.AU..CGAG.CU..uACUUCGAG...AUAC.UGCGAA.
alignment-sample5   GA...G.CU...GC.G..U..C...GCGGAC.AG..AUACG.G..CAGCGAGC..G...A.G..U..............G.C.UA.C.GG.GAAGGAGGGCCCUCCC.GACG.UAU..CUG.UC-.C.AA..GGGA.UG...AAUUUGUG...AUCC.CUUGUA.
alignment-sample6   CC...C.UA...CG.U..-..U...CGACCA.GA..AACCC.G..CCGCGCGU..C...A.A..-..............C.C.GA.C.GG.GAAAGUGAUCGCACCC.GAGG.GUC..AU-.---.A.A-..--CA.UU...CUUAAGUU...AGAA.CCUACU.
alignment-sample7   AC...U.UC...AA.A..C..U...UCAGAU.CG..UGGUG.G..CGGUGCAC..C...G.C..U..............G.U.GA.C.GG.G-AUUUGGUCUGACCC.GACA.UAC..CGU.CUG.G.GA..AGAU.A-..gGUUCUCAG...ACAU.UCUACA.
alignment-sample8   U-...-.CA...GU.A..G..A...UAGUGA.CG..UUAGG.G..CCGGGCGC..U...A.A..U..............A.C.GA.C.CG.GGAAAUGGUCGCUCCG.GGCC.UAC..CGC.ACU.U.CA..GAAG.UC...AUUCCGAG...AUGC.UUCCGU.
alignment-sample9   GA...A.GG...GG.U..U..C...UCAGGA.UA.gUCGCG.G..CAUUGCGC.aU...A.G..A..............G.C.GAaCaGG.G-----GGUCCAUCCCcGUCG.CUC..UAC.CUG.A.GA..AGAU.AG...AUAUCGAG...AGUU.CCCCCU.
alignment-sample10  UA...U.AA...GC.U..U..C...AGGGAA.AG..UUGUG.A..CACCACGG..G...A.A..G..............U.C.GA.C.GU.GAAUAUGGUCGAACUC.GACA.CGG..CUU.CCA.U.GA..AGUA.UC...AAACCGCG...AUGC.UCCCCU.
alignment-sample11  GG...C.AG...UG.A..A..AacaGUAUCU.GG..UUGCG.G..CCGUGCCU..A...A.U..C..............A.G.GA.C.GG.G-AAUCGGUCGUGCCC.GACA.CAC..CCG.UUU.C.UA..AGUG.AU...UCUUUGAG...AUAU.GCCUGC.
alignment-sample12  AC...U.UC...AU.C..A..C...GUGGA-.UG..AACCA.A..CAGUUCGC..U...A.U.aA..............G.C.GA.C.GG.UGUCGGCGUCGCCACC.GAUG.GUC..CAU.CCA.C.GC..CGGA.GU...-CUUGGAC...AGUU.A--AUA.
alignment-sample13  AC...C.AA...GU.G..U..G...ACGAUG.AA..AUCCG.G..UAGUGUUC..C...A.G..U..............G.C.GA.C.GU.GGAUACGGUGGGCCUC.GACG.GAC..UUA.CCG.U.C-..UGAA.GU...GCUCCGUG...AAGU.CCUCCU.
alignment-sample14  AG...G.UG...AC.G..G..A...CUGCAC.CC..AUGUG.G..CUCUGCGC..G...A.A..G..............G.C.GA.C.GG.GCAGUUAGUCCUCCCU.GGCA.CGC..GGU.UCG.G.AA..AGAA.CU..cCUUUUGAG...AACG.UCUGGA.
alignment-sample15  AU...U.UG...AG.U..C..C..gGGUCUU.UA..CUGCA.G..CAGCACGC..G...G.A..G..............G.C.GA.C.UG.GAUCGUGAUCGUCCCA.GAUG.UA-..UAA.GGA.C.GU..AGCA.CU...AUAAUGUG...GAAU.CGUACU.
alignment-sample16  --...-.UG...AA.C..U..U...GGGGGG.UG..CCGCG.U..CAGCGCUU..A...A.C..G..............A.A.GA.G.GG.GCAAGUGGUCGCACCC.CGCG.C-C..CAC.CCC.C.--..-GCC.UA...GAUUCAUG...AGUC.CCCCAA.
alignment-sample17  AA...C.AA...CG.A..U..C...AUGGGA.UA..AUGCGuG..CGUAACUC..G...U.U..G..............G.A.GA.U.GG.GGAACUGAUCGCACCC.AACG.CAC..UAC.CCA.U.GU..AAAU.CC...AUUUUGUG...ACCC.CCUGGC.
alignment-sample18  CC...A.AU...AA.A..-..A...AAGUAG.UG..GGGUG.G..GAGCGCGC..U...A.U..Au...........caG.-.GA.G.GG.G-AAUGGGUCGAACUC.CACA.CCC..CAC.ACU.U.UA..UGA-.--...--UUCGGA...CGAC.GUUUUC.
alignment-sample19  AG...U.GA...AU.A..U..A...GGGGA-.-G..CUGCG.G..UAAUUCGA..C...A.A..G..............U.C.GA.C.CG.GAAAAAGGUGACACCG.GCCG.CAU..CGU.CCC.C.GU..AUCU.UU...UCUACGGG...AGAC.UCACUC.
alignment-sample20  U-...C.AG...ACuA..C..C...ACGCGA.CG..AGAUG.G..CAGCGGUC..C...A.C..G..............G.A.CA.G.GG.GUU-----UCGGGCCC.UGCU.CCC..CGC.GCG.U.GU..GGCA.UG...AAUUCGAG...AGAC.CACUCC.
alignment-sample21  --...-.--...-A.U..U..-..cUAGCGA.UA..GGGUA.G..UAGAGCGC..A...U.G..A.............aG.C.GA.C.GG.GCAGGUGGUCGGACCC.GGUG.CUC..UGC.GCU.Ac--..AACU.AU...UAUUGGUG...AAUG.ACCCAG.
alignment-sample22  AA...A.CA...AG.A..G..U...GGAUCG.UG..CUGUA.G..AAGUCCGC..G...A.C..A..............G.C.GA.G.GG.GUAUGUGGUCGCGCCC.CAAG.CGA..UAG.ACC.U.AA..UGAA.UU...AAAUCGUG...AGGC.ACUUAC.
alignment-sample23  UC...A.CC...CC.A..-..A...GGCGGA.GG..UGCAG.G..CACCACUC..A...U.G..U..............G.C.GC.C.GG.G--CUGGGUCGACCCC.GUCC.GUA..CCC.UCC.C.UA..AGGA.CA...-CUAUGUG...AGCU.CCCA--.
alignment-sample24  UC...U.AA...CA.U..G..A...AAGCAG.UU..UCGUG.G..CAGAAUAC..U...A.A..C.............aG.U.UA.C.GG.GGAUGACGUCGCCCCC.GGCG.UGA..GAU.GCU.U.UC..GUAU.CC...UCUUGGCG...UGGC.CCACAC.
alignment-sample25  AA...C.CG...CU.G..G..A...GCGUCUgUG..UCGCC.A..CAGGGCGU..G...U.U..C..............A.C.GA.U.GGcGUCACCGGUCGUACCC.UCGG.CGC..CAG.ACG.C.UU..AGUU.CG...CUUUAGUG...AGAU.CUCUCG.
alignment-sample26  UG...A.AA...AG.G..G..U...ACGCUA.GC..GCCUG.G..CAGCCCAC..C...C.G..-..............G.U.GA.U.GG.GGAGCUGGUCAUUCCC.AACA.GGC..GCC.GCG.U.AA..GUAA.AU...AAUUCAAG...ACGU.CCCUAU.
alignment-sample27  GU...-.--gcuAU.A..C..A...AGUGUA.AG..GACUG.G..CAGAGCGU..C...C.U..U..............A.C.GG.C.GG.CGUGUUGUUGGCUGCC.GACG.GCU..CUA.CAC.U.UA..AGUU.AC...GGUUCGCG...GUCC.UCCUGA.
alignment-sample28  CC...A.AA...UG.A..G..C...GCGGCA.UG..GGGCG.G..CAACGCAC..G...A.U..Au...........uuG.U.GA.C.GG.C-AAAUCGUCGUCGCC.GACG.CCC..CUG.---.C.GA..CGUA.UA...AAUAUGUG...AGCA.ACACCU.
alignment-sample29  GC...C.CA...UG.A..G..A...GUUAAA.UG..AUGCG.G..GCUCCGAA..A...A.U..G.............gU.U.CA.U.GG.GAUAAUGGUCGUUCCC.AAUG.CAC..CAU.UAA.C.CA..UGUA.UU...UCGUCGUG...AGAA.CUCAAU.
alignment-sample30  G-...C.UU...AA.A.aU..G...GGGUAC.UC..CUGCG.G..CAGUACGU..U...A.U..G..............G.C.GA.G.GG.G-ACUGGGUCGAACCC.CACG.CAC..CAU.ACU.C.CA..GGGA.AG..uAAUUUGAG...AGAC.AUA---.
alignment-sample31  GC...G.GC...AU.U..G..U...GUGAAA.GG..UUGUG.G..CUACACAC..C...A.C..-..............G.U.GA.U.UA.G-AGGAGGACGCACUA.A-CA.GAU..CCU.UCA.C.AA..AGCA.CU...CCUACGUG...A---.---CUU.
alignment-sample32  AU...C.CA...AC.A..C..A...GCGCC-.UG..AUUGC.G..CAUCAUCC..A...A.A..A.............gG.G.AA.C.GG.GGACAUGGUCUUGCUC.GAGU.GAC..CAA.GCG.U.GU..GGCU.GC...AUACUGUG...AGCC.UCGACC.
alignment-sample33  UC...U.CA...AG.U..C..U...AGGGA-.UA..AUGCG.G..CAGCCCGC..A...A.U..AacaguuuccuaacgG.C.GA.-.AG.AGAGUAGGUCGAAUCU.GACG.CGG..UAA.CCC.U.AC..AGGA.CC...AUUUCGUU...ACAC.CUACCG.
alignment-sample34  A-...-.--...AA.G..A..G...UGGCCC.AU..GCGUG.G..CAGUUCAC..C...A.C..C..............G.U.GA.C.GG.GGUAAUGGACGUUCCC.UACA.CGA..AUG.GCC.A.UA..CGAU.AC...AAAUUCUG...CGGA.UUCUUC.
alignment-sample35  AC...U.CU...AG.A..U..G...GAAUG-.--..-CGAG.G..CAAGG---..-...-.-..-..............G.-.-A.C.GA.G-AAGUGAUCGCUCUC.GACU.CG-..--C.AUA.U.CC..UGUA.AC...AUACGGUG...AAAC.CCCGCC.
alignment-sample36  U-caaC.AC...AA.GgcU..C...UGGGGG.GG..CAGCG.G..CAGCUUUC..U...A.G..U..............G.A.GA.C.UU.G-AAGAGGUCGCACGG.GACG.CUC..CCG.CUC.G.GA..GCUA.UC...CAUUGGAG...AACU.UCGGUU.
alignment-sample37  AC...C.AA...AU.A..-..Au.cACGGUG.CG..CUCUG.G..UAGGCGGC..C...A.C..C..............G.C.CA.C.AG.AGAACUG----CGUCU.GACA.GAC..CGA.CCG.UcGU..AGUU.CC...ACUUUGUG...AGAC.ACCACA.
alignment-sample38  GA...A.AA...AA.A..U..U...GUGGUU.UG..CUAAG.G..CAGCGAGC..U...A.G..U.............aG.U.UA.C.GG.GGAAUUGUUCGCACCC.GACU.UAC..CAC.CCA.C.GC..AGUA.AA...UAUUUGCG...AGAC.CCCCCU.
alignment-sample39  GC...U.AC...UC.A..A..U...CCGGCA.CG..AGCCG.G..CAAAGGAC..U...A.A..Uca..........cuG.U.CA.U.CC.UGAGGUGGCCGUA---.GACG.GCU..CGG.CUG.C.AA..AGAA.AU...AAUGGGAG...AUAG.CGCUAA.
alignment-sample40  UG...A.CG...UC.A..C..U...AAGAG-.UC..AUCUG.G..CAAUU-GC..A...-.U..G..............G.CcUA.C.GG.GGAACAGGUCG--CCC.GACA.GAU..GAU.UCU.U.GG..AGGC.AA...AUUAUGUG...AAUG.CCACCG.
alignment-sample41  --...-.-C...AA.A..G..C...CUGGC-.--..-GAAG.U..CAGAGCAUacG...A.C..Aca..........ugA.U.GA.C.GA.GCAUAUGCGCGAGCUC.GCCU.GCC..--G.CCU.G.GA..CAGG.AA...G------A...AGUC.CCUUUG.
alignment-sample42  A-...-.AA...UA.A..G..G...UGGGAA.AG..AAUCG.G..UAACGGGC..U...U.A..A..............G.C.CA.C.GG.GGAACUAGAUGCUCCC.GCCG.AUG..CUU.CCC.A.CUauAGAA.AC...--UUCGUG...AGAA.CUGCAC.
alignment-sample43  AC...A.AA...AU.A..C..U...GGGGGA.UG..ACCCG.U..UACCUCGC..U...A.U..U..............G.C.GA.C.GG.GACAUCGGUCGUACCC.GAC-.-G-..CAC.CCC.U.GU..CACA.CU...GUUUCGGG...UGUU.UACCGU.
alignment-sample44  CA...G.AG...UA.C..U..G...CUUGUC.CG..GUGCU.G..CAGUGGGC..U...A.U..A..............G.U.CA.G.GG.C-AUUCGGUAUCACCC.CAAG.CGU..CGA.CAA.G.UA..AGCA.AU...AAUACGAG...AGAC.UGUCGC.
alignment-sample45  CU...A.UU...UU.A..-ggG...AUAAGA.CA..GGGCG.G..CAACAUGC..C...A.G..U..............G.C.GG.C.GG.GGAUUUGGUCGC-CCC.GACG.CUU..UGC.UAG.U.CA..GGGA.AU...AUUUGGAG...AGAU.UCGCUG.
alignment-sample46  UA...C.CA...CU.C..U..G...UUAGAA.UC..AUGCA.G..CAGUGCAC..C...A.U..U..............G.U.GA.U.UC.G-UAUAGGUUGGCC--.-AUG.CAC..GAU.CUA.A.CA..AGUA.AG...--UGUGCG...GUAG.UGCCCG.
alignment-sample47  AC...G.CC...UC.A..U..U...AUCGAA.CU..CAUCG.G..CAGUGAUC..C...A.A..Ac............gG.A.UA.U.GG.AGGACGGAUCGUGUCC.AGGG.GUC..AGU.CGA.U.AG..GGCA.GU...GUUGUGGG...ACUC.ACCCUC.
alignment-sample48  GA...G.AG...AG.G..A..A...GAGGCA.GG..UGUCG.U..UAGCGUAC..G...A.A..A..............G.C.GA.G.GG.GUAACCGGUAGCUCCC.CACU.AUG..UCG.CCU.U.UU..CGAC.AC...GUUCUCCG...AGAA.GUUCAG.
alignment-sample49  UC...U.CG...AC.U..G..G...GAGGUG.GG..CAGUG.A..CAGCUUAU..C...A.C..A..............G.U.AA.C.GA.GAAAAAGCUCGCACUC.GACA.CUU..ACG.GAU.C.UA..CACU.AA...ACUUUGAG...AGAG.CCCGGU.
alignment-sample50  CA...A.CC...UC.G..U..C...GAUUUAuUG..AGGCG.G..CAACACGC..C...A.C..A.............cG.C.GA.C.GG.GAAAUUGGUUGUUACC.GACG.CCU..CAA.AAG.C.GA..AGCA.AA...AAAUGGUG...AAAC.CCUCUU.
alignment-sample51  CU...A.GC...AG.U..A..C...CCAGAU.GA..AAAUC.C..CUACGCUC..A...A.A..Agc..........aaG.A.GA.C.GG.GGAAAAGGUCGCUCCC.GAGG.UUU..UCU.UUG.G.GA..AG--.AC...AGUUAGUG...AGAU.UUUCCU.
alignment-sample52  U-...AgAU...GC.U..A..A..cGGUAUA.AC..AUGCG.C..CAGGUCGC..U...A.C..G..............G.C.GA.U.GG.GGACAAGGUCGGCCCC.GACG.CGC..GUC.UACgC.AA..GAUU.UU...AUAUCGUG...AGAC.AUAUCA.
alignment-sample53  --...C.CA...AG.U..U..C...ACGGCU.UA..AAGCG.C..UAACACAG..C...A.G..A..............C.U.GU.C.GG.GGAACUGGUAGAUCCC.GUCG.CUU..UAC.CCC.U.GA..AAUA.GA...AUUUCGCG...GGUC.---UAC.
alignment-sample54  CC...U.UG...CA.G..-..U...ACAUCA.AG..UCGGG.G..CAUACCAC..A...A.G..C..............G.U.GA.C.CG.G--UAUUGCCGACCCC.GGCC.CGU..CUG.AUC.U.AA..GGAA.AU...UUUUCGGG...ACUG.GCUUCC.
alignment-sample55  AC...G.UA...AU.U..C..G...ACCUUAaAG..AAUCG.G..CAGCGGGC..G...A.C..C..............G.U.CA.C.GG.GCGAAUGGUCCCGCCC.GACG.GUA..UUG.AGU.C.CA..AUUC.UC...GGUUUGAA...AGCA.GCCCUG.
alignment-sample56  GC...U.CA...AA.G..-..U...UUCUU-.--..-GGCG.G..CAGCGUGA..A...C.A..U..............U.C.AA.C.GG.GAAU-UGGUUGCGCCC.GACG.CUC..UGA.UGA.A.AA..AGGA.AA..gUGUUUGAG...AAAA.UC----.
alignment-sample57  GC...G.UA...UC.C..A..G...GUGGA-.-G..ACGCGuG..CAGGUCGU..A...A.U..G..............-.U.GA.C.UA.UGAACAGAUCUUC---.GACU.CGA..CGU.CUA.C.CA..AGAU.AU...ACUCCGUG...AGAC.CCCCCU.
alignment-sample58  GU...C.AA...CU.A..A..U...GUCGUG.CU.aAUGCA.A..CAGCUAAC..U...A.G..Ag............uG.U.UA.C.GG.AAAGAAGGUCUCCCCC.GAUG.CAC..AGA.CGA.C.AA..ACCA.GC...CAUAAGUG...ACAA.---CAA.
alignment-sample59  CA...C.AG...GG.U..C..A...AAGGUA.CG..AAGCG.G..UCACGCGC..G...G.U..G.............cG.C.GA.C.GG.GUAAGAGGUCGCACCC.GACG.CUA..CGA.CAU.U.UA..AGGA.AG..a-----GUG...AGAA.CCCCUU.
alignment-sample60  AU...U.AU...CG.C..C..U...GGAGAA.UG..G----.-..-----CAC..U...C.C..C..............G.U.GA.C.GG.GUAAACGAUCGCUUCC.GA--.---..CAU.CGU.U.AU..AGUA.GC...U-UUCGUG...AGUA.UCAAAG.
alignment-sample61  GC...C.AC...GG.G..-..U...GGCCCA.CG.uCUGAA.G..CAGCCCAC..A...A.U..G..............G.U.GA.C.GG.GAAAGAUGUCAUACCC.GGUU.CAA..CGG.GGC.U.GA..CUGA.AA...CAUAC---...----.------.
alignment-sample62  A-...-.--...-C.U..-..U...AGAGG-.UG..CUGGA.U..CAGCGGAC..U...U.G..C..............G.U.CA.C.GG.GAAUGCGAUCGUACCC.G-UU.UAU..CAC.CUC.U.GA..AGCA.AA..gCAUAUA-GccaAAAA.CCCCCC.
alignment-sample63  CC...A.AA...AG.U..U..C...GGCAA-.GU..UUUGG.G..CAGCACGC..A...A.G..Acaa........ugaG.C.GA.C.GG.GGACCAGUACGUGCCC.-ACC.CAC..ACU.UGC.C.UU..GCCA.CC...AAUCCGUG...ACAU.CCCUGA.
alignment-sample64  UA...C.UC...G-.-..-..A...GGGAGU.GC..CUAGG.G..UAGCCCAU..U...A.U..A..............A.U.GG.C.GG.GAGACUGGUCUCACCU.UACC.CCG..ACC.GGU.-.-A..AGCA.AG..aA-UUCGUG...GUAA.ACCCCC.
alignment-sample65  AG...C.UU...AA.U..C..C..cAUGGUC.AA..UGGUG.U..UUGUGGGC..U...A.U..G..............G.C.CA.C.GG.UAAUAUGGUCGGACCC.GACA.CCC.aUUA.CAA.UuGG..AGUC.AU...CUUUCGGG...AGAC.ACCUCU.
alignment-sample66  UA...C.AC...CG.A..C..G...UGCACA.AG..GGGCU.G..CGAUGCGC..A...A.U..A..............G.C.GA.C.GG.GGACCAGGUCGUUCCC.GAAA.CCU..CAG.GGU.A.CA..AGCU.CU...AGAGUGUG...AGAU.ACGUGA.
alignment-sample67  GG...C.CA...GC.A..U..C...G---GA.AC..AUGUG.U..CAGCGCGC..U...C.A..A..............G.C.GA.C.GA.GGAGCUCGUGGCACUC.GACA.CA-..GGC.G--.C.GG..GGUA.AA..gGCUCCGGG...AUAU.CUACGC.
alignment-sample68  AC...U.GC...UG.U..-..G...GUUGGA.UG..UUUAG.A..CAUUGCGA..G...AaC..U.............gA.C.GA.U.GG.GG-----GUCAUACCC.AACG.AAA..CAC.CAA.C.GA..AAGA.UG..aGUUUUGGG...AGAC.CUCUAA.
alignment-sample69  AC...C.AA...UC.A..C..U...UUAGGA.CG..AGCGG.G..CAACACAC..A...A.G..A..............G.U.GU.A.GA.GGCGGGCUUUGCCCUC.UUCU.GCC..CGC.CUC.G.GG..AGAA.AG..gAUUUAGAG...AUAC.AGUCGC.
alignment-sample70  UC...A.AA...CA.A..G..C...CCACCA.AG..ACGUG.G..AAUCUCGC..U...A.C..A..............G.C.GA.C.GG.GGCAAUGAUCGCCCCC.GCCA.CGU..CUG.GUG.-.GU..GGAU.CA...AUUUUGUG...ACAU.CCACUU.
alignment-sample71  CU...C.CU...CA.A..A..A...CUGGGG.UA.cAG-UG.GgcCAACUCAC..U...G.C..Ugacg.....aaaagG.U.GA.C.GG.GGAAGUGGGCGCCCCC.GAAG.UCC..-AU.CCA.G.UU..-UUG.GC...AUACUGUG...AGAA.CC-CAA.
alignment-sample72  AG...C.AC...UG.-..-..G...ACGUCA.UC..GGCUG.G..AAAUCCAC..A...C.U..A..............G.U.GC.C.AG.U-AAGAGGUCGACACU.CGCC.GCC..GAG.AUG.U.UC..AGGU.CC...CAUUUGUG...AGAG.CCCCCC.
alignment-sample73  --...A.UU...GU.-..-..A...UGGUAA.UU..A----.-..CAACGUGC..C...A.C..Uc...........ccG.C.GA.C.GG.G-AGAUGGUCGCACCC.GA--.---..AA-.CCC.A.AA..UGUA.UC...ACUACGUA...GGUC.CCUACU.
alignment-sample74  C-...C.AC...AU.A..G..U...CCUCGU.AU..CCGGG.G..A-ACGCAA..U...A.C..-..............U.U.GA.C.GG.GGUCCAGGUCUCUCCC.GACC.CCU..GUC.GAG.G.AG..GGGA.CUa.cAGUUCUUG...ACUC.ACCAGC.
alignment-sample75  CG...C.AG...AA.A..G..C...AUGGC-.--..UGUCA.G..CAGCAAAC..G...U.U..G..............GaU.UA.U.GG.AACUCUGGUAGUAUCC.UCCA.UCA..-UU.CCU.U.GA..AUGA.AC...UUUUAAGG...AAAC.CCUCAUa
alignment-sample76  UU...C.UC...GA.A..-..A...CUGUAA.AU..CGGGU.G..CAACGAGC..G...A.U..G..............G.U.UC.C.GU.GGAAGCGGUCAUACAC.GAAA.CCU..AUU.ACA.G.UA..AGUG.AC...UCACCGUG...AGGG.UCAUAA.
alignment-sample77  UA...A.AG...AC.A..U..U...AGUGC-.CU..AAGAG.G..CAACUCAU..A...A.G..A..............G.C.GA.C.GG.GAACAAGGUCGAUCUC.GACU.UUA..AGG.C--.-.GC..GGGA.UU...UCUUUGUG...AAAC.C---CU.
alignment-sample78  CC...C.UC...CU.C..-..C...-GAGAA.CG..GUGUG.G..CAACGCGC..A...A.U..Aa............gG.C.GA.C.GG.GUCAAUAGUCGCUCCC.GACA.CAG..CGU.CUC.A.CA..AGAU.CG...UC---GCA...AUACgGGUU--.
alignment-sample79  GC...C.AA...UU.A..A..U...GUGAGA.GC..GAGCG.G..CACCU---..-...-.-..-..............C.U.AA.C.GG.GGAGCGCGUAGUACCC.GACG.CUA..GCC.UCA.U.AU..AUAC.AC...-AUUCGUG...AUUC.GCCCUC.
alignment-sample80  CA...C.CC...AC.C..C..G...UUGUAG.--..ACUCG.G..CAGCGCGC..A...A.C..G..............G.U.GA.G.GG.GUAACU-UUAGACCCC.GUCG.AGC..--U.UUA.A.--..GGGU.U-...AUUGCGUG...AGGU.CGUCCC.
alignment-sample81  UU...-.AC...GC.U..U..C...AGAUAA.GG..AGGUG.G..ACUCGGGC..U...A.G..Ac............aG.C.CA.U.GG.GAUGUUGGUCGCCCCC.GAUG.CCU..CGU.GAC.U.GA..AGUU.AU...-UUUAGAG...AGCC.GCCAUA.
alignment-sample82  --...A.AU...CC.U..G..C...GUGUGC.G-..-CGCG.G..CAGCCCGC..G...G.G..G..............G.C.GA.C.UG.GCGAAAAGUCGAUCCC.GCCG.CA-..ACC.UCG.C.GA..AUAA.AA...AUUUAAUG...ACAC.CCCCGG.
alignment-sample83  CG...G.CC...AG.A..G..U...GUAAC-.UU..CCAAG.G..CACCUCGC..G...A.C..A..............G.C.GA.C.GG.GAAGUUGAACCACCCC.GACU.UGU..AAG.CCA.C.GC..GGUA.UG...ACUACGUG...ACGC.ACCCCU.
alignment-sample84  GC...A.UG...AC.U..C..G...AAGUCCa--..-UGCG.G..CAUCCCAC..G...A.AcgG..............G.U.GA.U.UG.GAAAAGGGUCGCUCCA.AACG.UAU..--G.AUU.U.CA..GGUA.AA..gAGUUUGUG...ACAC.CCGUCC.
alignment-sample85  GU...A.AC...CA.U..G..C...GUCGUG.CG..CUGAG.G..UAACACGC..G...A.U..C..............G.C.GG.U.GG.CCCAACGAAAGAAUCC.AACUaUAU.aCUA.CGA.C.GA..UG--.AG..aGUUGCGCG...UAUU.CAACCG.
alignment-sample86  AG...A.CA...CC.A..A..U...GCACGG.UA..ACCUG.G..CAGCGUGC..A...A.G..U..............G.U.AA.C.GG.AGAUGUUGUUGCUUCC.GCCA.GGC..UAC.GUG.C.UA..GGAA.AC...A----GGG...AGUC.UAUUCA.
alignment-sample87  A-...-.--...--.A..C..A...UCUUCA.CU..UAGAG.U..CUGCGCGC..A...G.A..Ag............cG.C.GA.C.GA.GG-AUAGGUCGCCCUC.GACA.CUG..AGA.AAU.G.CA..GGUA.AU...GACUUGUG...ACAC.CGGCCU.
alignment-sample88  GC...U.GA...AA.A..C..A...UGGUAG.UG..GUUCG.C..CAGCACGU..G...A.C..C..............A.C.GA.U.GA.GUGUCCGGUCGAACUC.AACG.AAC..CAU.UUC.A.CA..UGAAcGU...AUCACCUG...AGAC.CCAGAG.
alignment-sample89  GA...C.AA...CG.U..C..C...UGGAGC.UAagUCGUA.U..CACCAUAC..G...A.U..G..............G.U.AA.G.GG.GCACGGGUUCGUACCC.AAUU.CGAacGAC.CCG.G.UA..UAGA.AC...CGUACGAG...AGAC.ACCGCU.
alignment-sample90  AC...A.CU...AAcU..U..A...GAGGU-.--..AUCGG.G..CAGCGGAC..-...-.-..-..............G.U.CA.C.GG.UGUAGAGGUCGCUAUC.GACC.GAG..-AG.CCU.C.UA..AUAU.AA..a--UUAGUU...AUGC.CCUUAA.
alignment-sample91  UG...C.UU...UC.A..U..C...ACGAG-.UG..AUGUG.G..CAGCACGC..GccgA.G..C..............G.C.GA.C.GG.G-AAGGGUUCGUGCCC.GACU.CAC..CAC.UCG.U.GG..AGUC.A-..gGUUACGUG...AGAC.UCGUCU.
alignment-sample92  UC...G.AU...AG.U..C..U...UUGCGA.GG..GAGUG.G..CAGCGCGC..G...A.C..A..............G.U.GA.C.CG.AUAAGCGGCCGUUUCG.GACG.CAA..CCU.GCA.G.GA..UGGA.AU...ACUU-GAG...AGU-.UCAUAU.
alignment-sample93  UA...A.--...-U.A..C..C...GUGGUG.UG..AUGUA.U..CAGCACGU..A...A.A..A..............A.C.GA.U.GG.GGAUUUGCUCGCUCCC.GAUA.CGC..CAG.CUG.C.UA..AGGU.UU...-UGGCGCA...AGAC.CUACUU.
alignment-sample94  AC...G.AC...AU.A..G..G..gUUCGAG.UC..UUUUG.G..CAGCGCAC..U...A.G..Ag...........guG.U.GA.C.GG.GGAAAGGGUCGUACCC.GCCA.CAU..GGU.CGA.G.UA..UGAA.AG...GCUUCGUG...AACC.CCAUUA.
alignment-sample95  CU...A.AC...CG.G..U..G..gUUGGAA.GG..AUCCC.G..CAGCCCCU..U...A.U..G..............A.U.GA.G.GG.GGAAAUAGUCGCUCCC.UAGG.GAC..CCU.CCA.G.UA..UGAA.CU...GCAGUGGG...AC-C.CCUUUA.
alignment-sample96  UG...C.GC...A-.-..-..G...ACACUA.UG..CUGAG.G..CAGCACGA..U...A.G..G..............C.C.GA.C.GA.GUAAAUGGUGGAUCUC.GCCU.CAC..CAA.GUG.U.CA..AGUA.AU...AAUCAAAG...AAAC.CCGAAC.
alignment-sample97  GU...U.UA...AC.U..U..C...GGGGAA.AG..GCGCG.G..CAUCACGU..G...A.A..A..............A.C.GA.C.GU.G-AAACGGCCGUACAC.GACG.CG-..CUU.CCC.U.GA..UGAU.AU...AACUCGGG...AGAG.CCCCAU.
alignment-sample98  GA...U.UC...GA.G..A..G...GA--AA.UG..AUCAG.G..CAGCGUGC..A...A.G..A..............G.C.GA.C.GG.A-AACUGGUCGCUUCC.GCCU.GAU..UAU.AUU.C.CA..GGGA.GC...ACUUAGCG...CCAA.CCCAGU.
alignment-sample99  GA...U.AA...GC.A..U..U...CCGUGU.UU..CAACG.G..CAUCACGG..G...U.C..Uu...........gcA.C.GA.C.UG.---AAAGGUCGUU-CA.GACG.CUU..AAC.CCG.G.GA..AGAA.AC...ACUACGUU...AAAU.CUCUAG.
alignment-sample100 GC...U.GC...-C.A..A..G...GCGGCC.UG..AGGUG.-..-----UUC..G...G.C..Aga..........guG.C.AA.U.GG.G-GAGUGAUCGAACCC.A-CG.CC-..CAG.CCG.U.CA..AACA.GU...GACUAGUG...ACAU.CCUGCU.
#=GC SS_cons        ::...:.::...::.:..:..(...(((((-.((..-((((.,..,,,,,<<<.._..._._.._..............>.>.>,.<.<<.<____________>>>.>,)).))-..))).))).).):..::::.::...::::::::...::::.::::::.
#=GC RF             ac...a.aa...ag.A..u..c...auGgaA.uG..auGcG.G..CAGCGCgC..g...A.g..a..............G.c.GA.C.GG.GGAAauGGUCGcaCCC.GACg.Cac..Cau.cCa.u.gA..aGaA.au...AuUUCGUG...AGAc.cCcccu.
//
