>ccag:ID;ss
XiFV_xrRNA1;((((((..(((......))).((((.........)))).))))))...................
TBEV_xrRNA1;.........((((((.((.((((......(((....))).((((............)))).)))).)))))))).........................
LGTV_xrRNA1;........(((((.(((.((((......(((((...))))).(((((..........))))).)))).))).))))).........................
DTV_xrRNA1;..........((((((((((((......(((.........)))..(((...........)))..))))))))))))..........................
POWV_xrRNA1;..........((((((((((((......(((.........))).((((...........)))).))))))))))))............................
MPFV_xrRNA1;....((((((((...((.......)).(.((((.(.....))))).).)))).))))....................
GGV_xrRNA1;...........((((((((((((......(((.......))).((((.(((....))))))).)))))))))))).............................
ALKV_xrRNA1;......((((((..(((((......((((....)))).(((((..........))))).)))))..))))))......................
KSIV_xrRNA1;......(((((((((.(((((......((((...)))).((((............)))).))))).)))))))))........................
KFDV_xrRNA1;.......(((((((.(((((......((((....)))).(((((..........))))).))))).)))))))......................
OHFV_xrRNA1;........((((((..(((.(((......(((....))).((((............)))).))).))))))))).........................
LIV_xrRNA1;........((((((.((.((((......(((....))).((((............)))).)))).)))))))).........................
>pk:ID;ss
XiFV_xrRNA1;...........................(((.((........................)))))..
TBEV_xrRNA1;.................................................((((.((...............................)).)))).....
LGTV_xrRNA1;...................................................((((.(..................................).)))).....
DTV_xrRNA1;..................................................((((..(((..................................)))))))..
POWV_xrRNA1;....................................................((((.......................................)))).....
MPFV_xrRNA1;...................................(((((..........................)))))......
GGV_xrRNA1;...................................................((((........................................)))).....
ALKV_xrRNA1;..............................................(((((.(..............................).)))))....
KSIV_xrRNA1;................................................((((.((.............................))..)))).......
SREV_xrRNA1;.......................................(((((((..................................)))))))..
KFDV_xrRNA1;...............................................(((((..................................)))))....
OHFV_xrRNA1;.................................................((((.((...............................)).)))).....
>hp:ID;ss
TBEV_xrRNA1;.............(.(((.((((......(((....))).((((............)))).)))).))))(((((((.....)))))))..........
>pk_normal:ID;ss
LGTV_xrRNA1;.....................................................((((................................)))).........
LIV_xrRNA1;................................................((((.((...............................)).)))).....
>all:ID;ss
LGTV_xrRNA1;........(((((.(((.((((......(((((...))))).(((((..........))))).)))).))).)))))(((....((...))....)))....
POWV_xrRNA1;..........((((((((((((((...))..((((....)))).((((..((.....)))))).))))))))))))..((((.......((....))))))...
ALKV_xrRNA1;......((((((..(((((......((((....)))).(((((..........))))).)))))..)))))).....(((((......))))).
SREV_xrRNA1;.........((..((((((.((...........((((((........)))))).)).))))))..))......................
OHFV_xrRNA1;........((((((..(((.(((......(((....))).((((...(.....)..)))).))).)))))))))...(((......)))..........
LIV_xrRNA1;........((((((.((.((((....(((......))).((((............)))).)))).)))))))).(((.((.....))..).)).....
>pk_degraded:ID;ss
LGTV_xrRNA1;......................................................................................................
LIV_xrRNA1;.................................................((.((.....................)).))..................
>degraded:ID;ss
LGTV_xrRNA1;..................((((......(((((...))))).(((((..........))))).))))....(((((.((((....))))))).)).......
POWV_xrRNA1;.................(((((((...))..((((....)))).((((..((.....)))))).))))).........((((.......((....))))))...
ALKV_xrRNA1;..............(((((......((((....)))).(((((..........))))).)))))....((....)).(((((......))))).
OHFV_xrRNA1;...............((((.(((......(((....))).((((...(.....)..)))).))).)))).(((((((.....)))))))..........
LIV_xrRNA1;..................((((....(((......))).((((............)))).))))...((((((((.......)))))).)).......
>pk2:ID;ss
GGV_xrRNA1;........................................................................................................
SREV_xrRNA1;.........................(((((...........................................)))))...........
